2022-03-09 19:22:38,378 [INFO] Activator:178 - 


2022-03-09 19:22:38,394 [INFO] Activator:179 - !SESSION log4j initialized
2022-03-09 19:23:12,821 [INFO] ApplicationProperties:181 - Using Application install path: C:\ST\STM32CubeIDE_1.4.0\STM32CubeIDE\plugins\com.st.stm32cube.common.mx_6.0.0.202007160824
2022-03-09 19:23:12,915 [INFO] DbMcusXml:70 - Set database path to: C:\ST\STM32CubeIDE_1.4.0\STM32CubeIDE\plugins\com.st.stm32cube.common.mx_6.0.0.202007160824\\db\/mcu/
2022-03-09 19:23:12,930 [INFO] DbBoardsPdsc:56 - Set plugin database path to: C:\ST\STM32CubeIDE_1.4.0\STM32CubeIDE\plugins\com.st.stm32cube.common.mx_6.0.0.202007160824\\db\/plugins/boardmanager/
2022-03-09 19:23:12,930 [INFO] DbMcus:258 - Set plugin images path to: C:\ST\STM32CubeIDE_1.4.0\STM32CubeIDE\plugins\com.st.stm32cube.common.mx_6.0.0.202007160824\\db\/plugins/mcufinder/images/
2022-03-09 19:23:12,930 [INFO] DbBoards:264 - Set plugin images path to: C:\ST\STM32CubeIDE_1.4.0\STM32CubeIDE\plugins\com.st.stm32cube.common.mx_6.0.0.202007160824\\db\/plugins/mcufinder/images/
2022-03-09 19:23:12,930 [INFO] DbExamples:326 - Set plugin images path to: C:\ST\STM32CubeIDE_1.4.0\STM32CubeIDE\plugins\com.st.stm32cube.common.mx_6.0.0.202007160824\\db\/plugins/mcufinder/images/
2022-03-09 19:23:13,087 [INFO] DbMcusDocs:112 - Set database path to: C:\Users\youss\.stmcufinder\plugins\mcufinder//mcu/
2022-03-09 19:23:13,102 [INFO] DbMcusJson:63 - Set database path to: C:\Users\youss\.stmcufinder\plugins\mcufinder//mcu/
2022-03-09 19:23:13,102 [INFO] DbBoardsDocs:112 - Set database path to: C:\Users\youss\.stmcufinder\plugins\mcufinder//mcu/
2022-03-09 19:23:13,118 [INFO] DbBoardsJson:56 - Set database path to: C:\Users\youss\.stmcufinder\plugins\mcufinder//mcu/
2022-03-09 19:23:13,149 [INFO] CrossReferenceDbSqlite:196 - Set database path to: C:\Users\youss\.stmcufinder\plugins\mcufinder//mcu/cs/
2022-03-09 19:23:13,149 [INFO] DbExamplesSqlite:800 - Set database path to: C:\Users\youss\.stmcufinder\plugins\mcufinder//mcu/
2022-03-09 19:23:13,649 [INFO] RulesReader:52 - Compatibility file has been processed (209 Rules)
2022-03-09 19:23:14,133 [INFO] MicroXplorer:564 - Detected Java Version = 1.8.0_252
2022-03-09 19:23:14,133 [INFO] DbMcusXml:70 - Set database path to: C:\ST\STM32CubeIDE_1.4.0\STM32CubeIDE\plugins\com.st.stm32cube.common.mx_6.0.0.202007160824\\db\/mcu/
2022-03-09 19:23:14,133 [INFO] DbBoardsPdsc:56 - Set plugin database path to: C:\ST\STM32CubeIDE_1.4.0\STM32CubeIDE\plugins\com.st.stm32cube.common.mx_6.0.0.202007160824\\db\/plugins/boardmanager/
2022-03-09 19:23:14,133 [INFO] DbMcus:258 - Set plugin images path to: C:\ST\STM32CubeIDE_1.4.0\STM32CubeIDE\plugins\com.st.stm32cube.common.mx_6.0.0.202007160824\\db\/plugins/mcufinder/images/
2022-03-09 19:23:14,133 [INFO] DbBoards:264 - Set plugin images path to: C:\ST\STM32CubeIDE_1.4.0\STM32CubeIDE\plugins\com.st.stm32cube.common.mx_6.0.0.202007160824\\db\/plugins/mcufinder/images/
2022-03-09 19:23:14,133 [INFO] DbExamples:326 - Set plugin images path to: C:\ST\STM32CubeIDE_1.4.0\STM32CubeIDE\plugins\com.st.stm32cube.common.mx_6.0.0.202007160824\\db\/plugins/mcufinder/images/
2022-03-09 19:23:14,133 [WARN] DbFile:36 - Overriding database path with different value: C:\Users\youss\.stmcufinder\plugins\mcufinder/ => C:\Users\youss\.stmcufinder\plugins\mcufinder
2022-03-09 19:23:14,133 [INFO] DbMcusDocs:112 - Set database path to: C:\Users\youss\.stmcufinder\plugins\mcufinder//mcu/
2022-03-09 19:23:14,133 [WARN] DbFile:36 - Overriding database path with different value: C:\Users\youss\.stmcufinder\plugins\mcufinder/ => C:\Users\youss\.stmcufinder\plugins\mcufinder
2022-03-09 19:23:14,133 [INFO] DbMcusJson:63 - Set database path to: C:\Users\youss\.stmcufinder\plugins\mcufinder//mcu/
2022-03-09 19:23:14,133 [WARN] DbFile:36 - Overriding database path with different value: C:\Users\youss\.stmcufinder\plugins\mcufinder/ => C:\Users\youss\.stmcufinder\plugins\mcufinder
2022-03-09 19:23:14,133 [INFO] DbBoardsDocs:112 - Set database path to: C:\Users\youss\.stmcufinder\plugins\mcufinder//mcu/
2022-03-09 19:23:14,133 [WARN] DbFile:36 - Overriding database path with different value: C:\Users\youss\.stmcufinder\plugins\mcufinder/ => C:\Users\youss\.stmcufinder\plugins\mcufinder
2022-03-09 19:23:14,133 [INFO] DbBoardsJson:56 - Set database path to: C:\Users\youss\.stmcufinder\plugins\mcufinder//mcu/
2022-03-09 19:23:14,133 [WARN] DbFile:36 - Overriding database path with different value: C:\Users\youss\.stmcufinder\plugins\mcufinder/ => C:\Users\youss\.stmcufinder\plugins\mcufinder
2022-03-09 19:23:14,133 [WARN] DbFile:36 - Overriding database path with different value: C:\Users\youss\.stmcufinder\plugins\mcufinder/ => C:\Users\youss\.stmcufinder\plugins\mcufinder
2022-03-09 19:23:14,133 [INFO] CrossReferenceDbSqlite:196 - Set database path to: C:\Users\youss\.stmcufinder\plugins\mcufinder//mcu/cs/
2022-03-09 19:23:14,133 [WARN] DbFile:36 - Overriding database path with different value: C:\Users\youss\.stmcufinder\plugins\mcufinder/ => C:\Users\youss\.stmcufinder\plugins\mcufinder
2022-03-09 19:23:14,133 [INFO] DbExamplesSqlite:800 - Set database path to: C:\Users\youss\.stmcufinder\plugins\mcufinder//mcu/
2022-03-09 19:23:14,837 [INFO] MainPanel:189 - HeapMemory: 268435456
2022-03-09 19:23:15,540 [INFO] DbMcusXml:70 - Set database path to: C:\ST\STM32CubeIDE_1.4.0\STM32CubeIDE\plugins\com.st.stm32cube.common.mx_6.0.0.202007160824\\db\/mcu/
2022-03-09 19:23:15,540 [INFO] DbBoardsPdsc:56 - Set plugin database path to: C:\ST\STM32CubeIDE_1.4.0\STM32CubeIDE\plugins\com.st.stm32cube.common.mx_6.0.0.202007160824\\db\/plugins/boardmanager/
2022-03-09 19:23:15,540 [INFO] DbMcus:258 - Set plugin images path to: C:\ST\STM32CubeIDE_1.4.0\STM32CubeIDE\plugins\com.st.stm32cube.common.mx_6.0.0.202007160824\\db\/plugins/mcufinder/images/
2022-03-09 19:23:15,540 [INFO] DbBoards:264 - Set plugin images path to: C:\ST\STM32CubeIDE_1.4.0\STM32CubeIDE\plugins\com.st.stm32cube.common.mx_6.0.0.202007160824\\db\/plugins/mcufinder/images/
2022-03-09 19:23:15,540 [INFO] DbExamples:326 - Set plugin images path to: C:\ST\STM32CubeIDE_1.4.0\STM32CubeIDE\plugins\com.st.stm32cube.common.mx_6.0.0.202007160824\\db\/plugins/mcufinder/images/
2022-03-09 19:23:15,555 [WARN] DbFile:36 - Overriding database path with different value: C:\Users\youss\.stmcufinder\plugins\mcufinder/ => C:\Users\youss\.stmcufinder\plugins\mcufinder
2022-03-09 19:23:15,555 [INFO] DbMcusDocs:112 - Set database path to: C:\Users\youss\.stmcufinder\plugins\mcufinder//mcu/
2022-03-09 19:23:15,555 [WARN] DbFile:36 - Overriding database path with different value: C:\Users\youss\.stmcufinder\plugins\mcufinder/ => C:\Users\youss\.stmcufinder\plugins\mcufinder
2022-03-09 19:23:15,555 [INFO] DbMcusJson:63 - Set database path to: C:\Users\youss\.stmcufinder\plugins\mcufinder//mcu/
2022-03-09 19:23:15,555 [WARN] DbFile:36 - Overriding database path with different value: C:\Users\youss\.stmcufinder\plugins\mcufinder/ => C:\Users\youss\.stmcufinder\plugins\mcufinder
2022-03-09 19:23:15,555 [INFO] DbBoardsDocs:112 - Set database path to: C:\Users\youss\.stmcufinder\plugins\mcufinder//mcu/
2022-03-09 19:23:15,555 [WARN] DbFile:36 - Overriding database path with different value: C:\Users\youss\.stmcufinder\plugins\mcufinder/ => C:\Users\youss\.stmcufinder\plugins\mcufinder
2022-03-09 19:23:15,555 [INFO] DbBoardsJson:56 - Set database path to: C:\Users\youss\.stmcufinder\plugins\mcufinder//mcu/
2022-03-09 19:23:15,555 [WARN] DbFile:36 - Overriding database path with different value: C:\Users\youss\.stmcufinder\plugins\mcufinder/ => C:\Users\youss\.stmcufinder\plugins\mcufinder
2022-03-09 19:23:15,555 [WARN] DbFile:36 - Overriding database path with different value: C:\Users\youss\.stmcufinder\plugins\mcufinder/ => C:\Users\youss\.stmcufinder\plugins\mcufinder
2022-03-09 19:23:15,555 [INFO] CrossReferenceDbSqlite:196 - Set database path to: C:\Users\youss\.stmcufinder\plugins\mcufinder//mcu/cs/
2022-03-09 19:23:15,555 [WARN] DbFile:36 - Overriding database path with different value: C:\Users\youss\.stmcufinder\plugins\mcufinder/ => C:\Users\youss\.stmcufinder\plugins\mcufinder
2022-03-09 19:23:15,555 [INFO] DbExamplesSqlite:800 - Set database path to: C:\Users\youss\.stmcufinder\plugins\mcufinder//mcu/
2022-03-09 19:23:15,696 [INFO] ApplicationProperties:181 - Using Application install path: C:\ST\STM32CubeIDE_1.4.0\STM32CubeIDE\plugins\com.st.stm32cube.common.mx_6.0.0.202007160824
2022-03-09 19:23:15,696 [INFO] PluginManage:178 - Search for loadable plugins [exclusion list=, ]
2022-03-09 19:23:15,712 [INFO] PluginManage:292 - Check plugin analytics
2022-03-09 19:23:27,265 [INFO] AnalyticsPlugin:203 - Accepted Software Licenses: 
2022-03-09 19:23:27,265 [INFO] AnalyticsPlugin:205 - Accepted CMSIS Pack Licenses: 
2022-03-09 19:23:27,265 [INFO] AnalyticsPlugin:207 - Accepted Firmware Licenses: 
2022-03-09 19:23:27,265 [INFO] PluginManage:342 - Loaded plugin analytics (category:tool,tabindex:-1)
2022-03-09 19:23:27,265 [INFO] PluginManage:292 - Check plugin clock
2022-03-09 19:23:27,328 [INFO] PluginManage:342 - Loaded plugin clock (category:base,tabindex:2)
2022-03-09 19:23:27,328 [INFO] PluginManage:292 - Check plugin ddr
2022-03-09 19:23:27,359 [INFO] PluginManage:342 - Loaded plugin ddr (category:tool,tabindex:6)
2022-03-09 19:23:27,359 [INFO] PluginManage:292 - Check plugin filemanager
2022-03-09 19:23:27,765 [INFO] PluginManage:342 - Loaded plugin filemanager (category:base,tabindex:10)
2022-03-09 19:23:27,765 [INFO] PluginManage:292 - Check plugin ipmanager
2022-03-09 19:23:27,796 [INFO] PluginManage:342 - Loaded plugin ipmanager (category:base,tabindex:5)
2022-03-09 19:23:27,796 [INFO] PluginManage:292 - Check plugin pinoutandconfiguration
2022-03-09 19:23:27,843 [INFO] PluginManage:342 - Loaded plugin pinoutandconfiguration (category:base,tabindex:1)
2022-03-09 19:23:27,843 [INFO] PluginManage:292 - Check plugin pinoutconfig
2022-03-09 19:23:27,999 [INFO] PluginManage:342 - Loaded plugin pinoutconfig (category:base,tabindex:0)
2022-03-09 19:23:27,999 [INFO] PluginManage:292 - Check plugin power
2022-03-09 19:23:28,062 [INFO] PluginManage:342 - Loaded plugin power (category:power,tabindex:4)
2022-03-09 19:23:28,062 [INFO] PluginManage:292 - Check plugin projectmanager
2022-03-09 19:23:28,093 [INFO] PluginManage:342 - Loaded plugin projectmanager (category:projectmanager,tabindex:3)
2022-03-09 19:23:28,093 [INFO] PluginManage:292 - Check plugin thirdparty
2022-03-09 19:23:28,577 [INFO] ThirdPartyDb:333 - Open Third Party DataBase File (C:/Users/youss/.stm32cubemx/plugins/thirdparty/db/thirdparties_db.xml) : 281 ms. number of Sw pack : 33
2022-03-09 19:23:28,609 [INFO] PluginManage:342 - Loaded plugin thirdparty (category:base,tabindex:-1)
2022-03-09 19:23:28,609 [INFO] PluginManage:292 - Check plugin tools
2022-03-09 19:23:28,734 [INFO] PluginManage:342 - Loaded plugin tools (category:base,tabindex:7)
2022-03-09 19:23:28,734 [INFO] PluginManage:292 - Check plugin tutovideos
2022-03-09 19:23:29,140 [INFO] PluginManage:342 - Loaded plugin tutovideos (category:base,tabindex:-1)
2022-03-09 19:23:29,140 [INFO] PluginManage:292 - Check plugin updater
2022-03-09 19:23:29,187 [INFO] PluginManage:342 - Loaded plugin updater (category:base,tabindex:12)
2022-03-09 19:23:29,187 [INFO] PluginManage:265 - PluginManage : Loaded plugins [13]
2022-03-09 19:23:30,127 [INFO] PinOutPanel:1418 - setPackage(No Configuration,No Configuration)
2022-03-09 19:23:30,611 [INFO] IPUIPlugin:64 - create IPUIPlugin
2022-03-09 19:23:30,611 [INFO] PluginManager:200 - loadIPPluginJar : add adc
2022-03-09 19:23:30,705 [INFO] IPUIPlugin:64 - create IPUIPlugin
2022-03-09 19:23:30,705 [INFO] PluginManager:200 - loadIPPluginJar : add aes
2022-03-09 19:23:30,783 [INFO] IPUIPlugin:64 - create IPUIPlugin
2022-03-09 19:23:30,783 [INFO] PluginManager:200 - loadIPPluginJar : add can
2022-03-09 19:23:30,830 [INFO] IPUIPlugin:64 - create IPUIPlugin
2022-03-09 19:23:30,830 [INFO] PluginManager:200 - loadIPPluginJar : add comp
2022-03-09 19:23:30,955 [INFO] IPUIPlugin:64 - create IPUIPlugin
2022-03-09 19:23:30,955 [INFO] PluginManager:200 - loadIPPluginJar : add cryp
2022-03-09 19:23:31,002 [INFO] IPUIPlugin:64 - create IPUIPlugin
2022-03-09 19:23:31,002 [INFO] PluginManager:200 - loadIPPluginJar : add dfsdm
2022-03-09 19:23:31,088 [INFO] IPUIPlugin:64 - create IPUIPlugin
2022-03-09 19:23:31,088 [INFO] PluginManager:200 - loadIPPluginJar : add dma
2022-03-09 19:23:31,161 [INFO] IPUIPlugin:64 - create IPUIPlugin
2022-03-09 19:23:31,161 [INFO] PluginManager:200 - loadIPPluginJar : add fatfs
2022-03-09 19:23:31,302 [INFO] IPUIPlugin:64 - create IPUIPlugin
2022-03-09 19:23:31,302 [INFO] PluginManager:200 - loadIPPluginJar : add fmc
2022-03-09 19:23:31,333 [INFO] IPUIPlugin:64 - create IPUIPlugin
2022-03-09 19:23:31,333 [INFO] PluginManager:200 - loadIPPluginJar : add freertos
2022-03-09 19:23:31,396 [INFO] IPUIPlugin:64 - create IPUIPlugin
2022-03-09 19:23:31,396 [INFO] PluginManager:200 - loadIPPluginJar : add genericplugin
2022-03-09 19:23:31,552 [INFO] IPUIPlugin:64 - create IPUIPlugin
2022-03-09 19:23:31,552 [INFO] PluginManager:200 - loadIPPluginJar : add gfxmmu
2022-03-09 19:23:31,880 [INFO] IPUIPlugin:64 - create IPUIPlugin
2022-03-09 19:23:31,880 [INFO] PluginManager:200 - loadIPPluginJar : add gic
2022-03-09 19:23:31,911 [INFO] IPUIPlugin:64 - create IPUIPlugin
2022-03-09 19:23:31,911 [INFO] PluginManager:200 - loadIPPluginJar : add gpio
2022-03-09 19:23:32,036 [INFO] IPUIPlugin:64 - create IPUIPlugin
2022-03-09 19:23:32,036 [INFO] PluginManager:200 - loadIPPluginJar : add gtzc
2022-03-09 19:23:32,099 [INFO] IPUIPlugin:64 - create IPUIPlugin
2022-03-09 19:23:32,099 [INFO] PluginManager:200 - loadIPPluginJar : add hash
2022-03-09 19:23:32,193 [INFO] IPUIPlugin:64 - create IPUIPlugin
2022-03-09 19:23:32,208 [INFO] PluginManager:200 - loadIPPluginJar : add i2c
2022-03-09 19:23:32,474 [INFO] IPUIPlugin:64 - create IPUIPlugin
2022-03-09 19:23:32,474 [INFO] PluginManager:200 - loadIPPluginJar : add i2s
2022-03-09 19:23:32,536 [INFO] IPUIPlugin:64 - create IPUIPlugin
2022-03-09 19:23:32,536 [INFO] PluginManager:200 - loadIPPluginJar : add ipddr
2022-03-09 19:23:32,615 [INFO] IPUIPlugin:64 - create IPUIPlugin
2022-03-09 19:23:32,615 [INFO] PluginManager:200 - loadIPPluginJar : add ltdc
2022-03-09 19:23:32,646 [INFO] IPUIPlugin:64 - create IPUIPlugin
2022-03-09 19:23:32,646 [INFO] PluginManager:200 - loadIPPluginJar : add mdma
2022-03-09 19:23:32,677 [INFO] IPUIPlugin:64 - create IPUIPlugin
2022-03-09 19:23:32,693 [INFO] PluginManager:200 - loadIPPluginJar : add nvic
2022-03-09 19:23:32,755 [INFO] IPUIPlugin:64 - create IPUIPlugin
2022-03-09 19:23:32,755 [INFO] PluginManager:200 - loadIPPluginJar : add opamp
2022-03-09 19:23:32,896 [INFO] IPUIPlugin:64 - create IPUIPlugin
2022-03-09 19:23:32,896 [INFO] PluginManager:200 - loadIPPluginJar : add openamp
2022-03-09 19:23:32,989 [INFO] IPUIPlugin:64 - create IPUIPlugin
2022-03-09 19:23:32,989 [INFO] PluginManager:200 - loadIPPluginJar : add pdm2pcm
2022-03-09 19:23:33,021 [INFO] IPUIPlugin:64 - create IPUIPlugin
2022-03-09 19:23:33,021 [INFO] PluginManager:200 - loadIPPluginJar : add plateformsettings
2022-03-09 19:23:33,146 [INFO] IPUIPlugin:64 - create IPUIPlugin
2022-03-09 19:23:33,146 [INFO] PluginManager:200 - loadIPPluginJar : add quadspi
2022-03-09 19:23:33,177 [INFO] IPUIPlugin:64 - create IPUIPlugin
2022-03-09 19:23:33,177 [INFO] PluginManager:200 - loadIPPluginJar : add resmgrutility
2022-03-09 19:23:33,349 [INFO] IPUIPlugin:64 - create IPUIPlugin
2022-03-09 19:23:33,349 [INFO] PluginManager:200 - loadIPPluginJar : add sai
2022-03-09 19:23:33,427 [INFO] IPUIPlugin:64 - create IPUIPlugin
2022-03-09 19:23:33,427 [INFO] PluginManager:200 - loadIPPluginJar : add spi
2022-03-09 19:23:33,505 [INFO] IPUIPlugin:64 - create IPUIPlugin
2022-03-09 19:23:33,505 [INFO] PluginManager:200 - loadIPPluginJar : add stm32_wpan
2022-03-09 19:23:33,568 [INFO] IPUIPlugin:64 - create IPUIPlugin
2022-03-09 19:23:33,568 [INFO] PluginManager:200 - loadIPPluginJar : add tim
2022-03-09 19:23:33,791 [INFO] IPUIPlugin:64 - create IPUIPlugin
2022-03-09 19:23:33,791 [INFO] PluginManager:200 - loadIPPluginJar : add touchsensing
2022-03-09 19:23:33,869 [INFO] IPUIPlugin:64 - create IPUIPlugin
2022-03-09 19:23:33,869 [INFO] PluginManager:200 - loadIPPluginJar : add tracer_emb
2022-03-09 19:23:33,932 [INFO] IPUIPlugin:64 - create IPUIPlugin
2022-03-09 19:23:33,932 [INFO] PluginManager:200 - loadIPPluginJar : add ts
2022-03-09 19:23:34,025 [INFO] IPUIPlugin:64 - create IPUIPlugin
2022-03-09 19:23:34,025 [INFO] PluginManager:200 - loadIPPluginJar : add tsc
2022-03-09 19:23:34,083 [INFO] IPUIPlugin:64 - create IPUIPlugin
2022-03-09 19:23:34,083 [INFO] PluginManager:200 - loadIPPluginJar : add ucpd
2022-03-09 19:23:34,161 [INFO] IPUIPlugin:64 - create IPUIPlugin
2022-03-09 19:23:34,161 [INFO] PluginManager:200 - loadIPPluginJar : add usart
2022-03-09 19:23:35,818 [INFO] CubeProgrammer:457 - [DDR PANEL] - PathOfProgrammer: null
2022-03-09 19:23:37,524 [FATAL] Updater:282 - Updater called before beeing initialized
2022-03-09 19:23:38,102 [FATAL] Updater:282 - Updater called before beeing initialized
2022-03-09 19:23:38,102 [WARN] ThirdParty:775 - waiting for thirdparty lock release [close project]
2022-03-09 19:23:38,102 [INFO] ThirdParty:777 - entering critical section [close project]
2022-03-09 19:23:38,102 [INFO] ThirdParty:790 - exiting critical section [close project]
2022-03-09 19:23:38,118 [INFO] PinOutPanel:1418 - setPackage(No Configuration,No Configuration)
2022-03-09 19:23:38,118 [FATAL] Updater:282 - Updater called before beeing initialized
2022-03-09 19:23:38,133 [ERROR] Updater:967 - MainUpdater not yet initialized. External WinMGr cannot be set.
2022-03-09 19:23:38,149 [INFO] CubeProgrammer:457 - [DDR PANEL] - PathOfProgrammer: C:\ST\STM32CubeIDE_1.4.0\STM32CubeIDE\plugins\com.st.stm32cube.ide.mcu.externaltools.cubeprogrammer.win32_1.4.0.202007081208\tools\bin
2022-03-09 19:23:38,149 [INFO] ProgrammerExecThread:148 - [ProgrammerAPI] CubeProgrammer command construction: C:\ST\STM32CubeIDE_1.4.0\STM32CubeIDE\plugins\com.st.stm32cube.ide.mcu.externaltools.cubeprogrammer.win32_1.4.0.202007081208\tools\bin\STM32_Programmer_CLI.exe -l
2022-03-09 19:23:40,774 [INFO] MainDdrPanel:49 - [DDR PANEL] SETTER - Set cubeProgrammerPath to: C:\ST\STM32CubeIDE_1.4.0\STM32CubeIDE\plugins\com.st.stm32cube.ide.mcu.externaltools.cubeprogrammer.win32_1.4.0.202007081208\tools\bin
2022-03-09 19:23:41,242 [INFO] Updater:904 - Updater Version found : 6.0.0
2022-03-09 19:23:41,305 [INFO] ApplicationProperties:181 - Using Application install path: C:\ST\STM32CubeIDE_1.4.0\STM32CubeIDE\plugins\com.st.stm32cube.common.mx_6.0.0.202007160824
2022-03-09 19:23:42,709 [INFO] MainUpdater:2268 - connection check result : 10
2022-03-09 19:23:42,709 [INFO] MainUpdater:2935 - Updater definition file requires update
2022-03-09 19:23:42,724 [INFO] MainUpdater:239 - Updater Check For Update Now.
2022-03-09 19:23:42,724 [INFO] MicroXplorer:414 - Change Database Version : DB.6.0.0
2022-03-09 19:23:43,115 [INFO] ServerAccessManage:348 - Download File updaters.zip
2022-03-09 19:23:43,334 [INFO] FileExtend:225 - Unzip File : updaters.zip
2022-03-09 19:23:43,334 [INFO] FileExtend:240 - Standard Zip Deflate
2022-03-09 19:23:43,756 [WARN] IntegrityCheckThread:61 - waiting for thirdparty lock release [integrity check]
2022-03-09 19:23:43,756 [INFO] IntegrityCheckThread:63 - entering critical section [integrity check]
2022-03-09 19:23:43,771 [WARN] MainUpdater:1087 - Updater busy. Cannot search thirdparties
2022-03-09 19:23:44,959 [INFO] ServerAccessManage:348 - Download File PacksControlFlags.xml
2022-03-09 19:23:45,224 [INFO] ServerAccessManage:348 - Download File cubemx.pidx
2022-03-09 19:23:45,959 [INFO] ServerAccessManage:348 - Download File STMicroelectronics.X-CUBE-AI.pdsc
2022-03-09 19:23:46,787 [WARN] MainUpdater:1087 - Updater busy. Cannot search thirdparties
2022-03-09 19:23:47,649 [INFO] ServerAccessManage:348 - Download File STMicroelectronics.X-CUBE-DISPLAY.pdsc
2022-03-09 19:23:48,274 [INFO] ServerAccessManage:348 - Download File STMicroelectronics.X-CUBE-EEPRMA1.pdsc
2022-03-09 19:23:49,352 [INFO] ServerAccessManage:348 - Download File STMicroelectronics.X-CUBE-TOF1.pdsc
2022-03-09 19:23:49,790 [WARN] MainUpdater:1087 - Updater busy. Cannot search thirdparties
2022-03-09 19:23:49,946 [ERROR] ServerAccessManage:947 - Problem, file not found on Server
2022-03-09 19:23:50,274 [INFO] ServerAccessManage:348 - Download File STMicroelectronics.X-CUBE-TOUCHGFX.pdsc
2022-03-09 19:23:51,430 [INFO] ServerAccessManage:348 - Download File STMicroelectronics.X-CUBE-ALGOBUILD.pdsc
2022-03-09 19:23:52,470 [INFO] ServerAccessManage:348 - Download File STMicroelectronics.X-CUBE-AZRTOS-F7.pdsc
2022-03-09 19:23:52,798 [WARN] MainUpdater:1087 - Updater busy. Cannot search thirdparties
2022-03-09 19:23:53,048 [INFO] ServerAccessManage:348 - Download File STMicroelectronics.X-CUBE-AZRTOS-L5.pdsc
2022-03-09 19:23:53,423 [INFO] ServerAccessManage:348 - Download File STMicroelectronics.X-CUBE-AZRTOS-G0.pdsc
2022-03-09 19:23:53,821 [INFO] ServerAccessManage:348 - Download File STMicroelectronics.X-CUBE-AZRTOS-G4.pdsc
2022-03-09 19:23:53,853 [INFO] MainUpdater:2268 - connection check result : 10
2022-03-09 19:23:54,243 [INFO] ServerAccessManage:348 - Download File STMicroelectronics.X-CUBE-AZRTOS-WL.pdsc
2022-03-09 19:23:54,774 [INFO] CheckServerUpdateThread:102 - End of CheckServer Thread
2022-03-09 19:23:55,009 [INFO] ThirdPartyDb:299 - Save Third Party DataBase File (C:/Users/youss/.stm32cubemx/plugins/thirdparty/db/thirdparties_db.xml) [forced]
2022-03-09 19:23:55,118 [INFO] ServerAccessManage:348 - Download File mcusDocs.json._tmp_
2022-03-09 19:23:55,196 [INFO] LoadUrlFilesThread:135 - End of LoadUrlFiles Thread
2022-03-09 19:23:55,337 [INFO] ServerAccessManage:348 - Download File mcusFeaturesAndDescription.json._tmp_
2022-03-09 19:23:55,384 [INFO] ThirdPartyDb:299 - Save Third Party DataBase File (C:/Users/youss/.stm32cubemx/plugins/thirdparty/db/thirdparties_db.xml) [forced]
2022-03-09 19:23:55,477 [INFO] ThirdPartyDb:299 - Save Third Party DataBase File (C:/Users/youss/.stm32cubemx/plugins/thirdparty/db/thirdparties_db.xml) [forced]
2022-03-09 19:23:55,556 [INFO] ThirdPartyDb:299 - Save Third Party DataBase File (C:/Users/youss/.stm32cubemx/plugins/thirdparty/db/thirdparties_db.xml) [forced]
2022-03-09 19:23:55,634 [INFO] ThirdPartyDb:299 - Save Third Party DataBase File (C:/Users/youss/.stm32cubemx/plugins/thirdparty/db/thirdparties_db.xml) [forced]
2022-03-09 19:23:55,727 [INFO] ThirdPartyDb:299 - Save Third Party DataBase File (C:/Users/youss/.stm32cubemx/plugins/thirdparty/db/thirdparties_db.xml) [forced]
2022-03-09 19:23:55,806 [WARN] MainUpdater:1087 - Updater busy. Cannot search thirdparties
2022-03-09 19:23:55,931 [INFO] ThirdPartyDb:299 - Save Third Party DataBase File (C:/Users/youss/.stm32cubemx/plugins/thirdparty/db/thirdparties_db.xml) [forced]
2022-03-09 19:23:56,071 [ERROR] ConditionMgr:796 - Attr not supported : Dsecure
2022-03-09 19:23:56,071 [ERROR] ConditionMgr:796 - Attr not supported : Dsecure
2022-03-09 19:23:56,071 [ERROR] ConditionMgr:796 - Attr not supported : Dsecure
2022-03-09 19:23:56,071 [ERROR] ConditionMgr:796 - Attr not supported : Dsecure
2022-03-09 19:23:56,071 [ERROR] ConditionMgr:796 - Attr not supported : Dsecure
2022-03-09 19:23:56,071 [ERROR] ConditionMgr:796 - Attr not supported : Dsecure
2022-03-09 19:23:56,071 [ERROR] ConditionMgr:796 - Attr not supported : Dsecure
2022-03-09 19:23:56,071 [ERROR] ConditionMgr:796 - Attr not supported : Dsecure
2022-03-09 19:23:56,071 [ERROR] ConditionMgr:796 - Attr not supported : Dsecure
2022-03-09 19:23:56,071 [ERROR] ConditionMgr:796 - Attr not supported : Dsecure
2022-03-09 19:23:56,071 [ERROR] ConditionMgr:796 - Attr not supported : Dsecure
2022-03-09 19:23:56,071 [ERROR] ConditionMgr:796 - Attr not supported : Dsecure
2022-03-09 19:23:56,071 [ERROR] ConditionMgr:796 - Attr not supported : Dsecure
2022-03-09 19:23:56,071 [ERROR] ConditionMgr:796 - Attr not supported : Dsecure
2022-03-09 19:23:56,071 [ERROR] ConditionMgr:796 - Attr not supported : Dsecure
2022-03-09 19:23:56,071 [ERROR] ConditionMgr:796 - Attr not supported : Dsecure
2022-03-09 19:23:56,071 [ERROR] ConditionMgr:796 - Attr not supported : Dsecure
2022-03-09 19:23:56,071 [ERROR] ConditionMgr:796 - Attr not supported : Dsecure
2022-03-09 19:23:56,071 [ERROR] ConditionMgr:796 - Attr not supported : Dsecure
2022-03-09 19:23:56,071 [ERROR] ConditionMgr:796 - Attr not supported : Dsecure
2022-03-09 19:23:56,071 [ERROR] ConditionMgr:796 - Attr not supported : Dsecure
2022-03-09 19:23:56,071 [ERROR] ConditionMgr:796 - Attr not supported : Dsecure
2022-03-09 19:23:56,071 [ERROR] ConditionMgr:796 - Attr not supported : Dsecure
2022-03-09 19:23:56,071 [ERROR] ConditionMgr:796 - Attr not supported : Dsecure
2022-03-09 19:23:56,071 [ERROR] ConditionMgr:796 - Attr not supported : Dsecure
2022-03-09 19:23:56,071 [ERROR] ConditionMgr:796 - Attr not supported : Dsecure
2022-03-09 19:23:56,071 [ERROR] ConditionMgr:796 - Attr not supported : Dsecure
2022-03-09 19:23:56,071 [ERROR] ConditionMgr:796 - Attr not supported : Dsecure
2022-03-09 19:23:56,071 [ERROR] ConditionMgr:796 - Attr not supported : Dsecure
2022-03-09 19:23:56,071 [ERROR] ConditionMgr:796 - Attr not supported : Dsecure
2022-03-09 19:23:56,071 [ERROR] ConditionMgr:796 - Attr not supported : Dsecure
2022-03-09 19:23:56,071 [ERROR] ConditionMgr:796 - Attr not supported : Dsecure
2022-03-09 19:23:56,071 [ERROR] ConditionMgr:796 - Attr not supported : Dsecure
2022-03-09 19:23:56,071 [ERROR] ConditionMgr:796 - Attr not supported : Dsecure
2022-03-09 19:23:56,071 [ERROR] ConditionMgr:796 - Attr not supported : Dsecure
2022-03-09 19:23:56,071 [ERROR] ConditionMgr:796 - Attr not supported : Dsecure
2022-03-09 19:23:56,071 [ERROR] ConditionMgr:796 - Attr not supported : Dsecure
2022-03-09 19:23:56,071 [ERROR] ConditionMgr:796 - Attr not supported : Dsecure
2022-03-09 19:23:56,071 [ERROR] ConditionMgr:796 - Attr not supported : Dsecure
2022-03-09 19:23:56,071 [ERROR] ConditionMgr:796 - Attr not supported : Dsecure
2022-03-09 19:23:56,071 [ERROR] ConditionMgr:796 - Attr not supported : Dsecure
2022-03-09 19:23:56,071 [ERROR] ConditionMgr:796 - Attr not supported : Dsecure
2022-03-09 19:23:56,071 [ERROR] ConditionMgr:796 - Attr not supported : Dsecure
2022-03-09 19:23:56,071 [ERROR] ConditionMgr:796 - Attr not supported : Dsecure
2022-03-09 19:23:56,071 [ERROR] ConditionMgr:796 - Attr not supported : Dsecure
2022-03-09 19:23:56,071 [ERROR] ConditionMgr:796 - Attr not supported : Dsecure
2022-03-09 19:23:56,071 [ERROR] ConditionMgr:796 - Attr not supported : Dsecure
2022-03-09 19:23:56,071 [ERROR] ConditionMgr:796 - Attr not supported : Dsecure
2022-03-09 19:23:56,071 [ERROR] ConditionMgr:796 - Attr not supported : Dsecure
2022-03-09 19:23:56,071 [ERROR] ConditionMgr:796 - Attr not supported : Dsecure
2022-03-09 19:23:56,071 [ERROR] ConditionMgr:796 - Attr not supported : Dsecure
2022-03-09 19:23:56,071 [ERROR] ConditionMgr:796 - Attr not supported : Dsecure
2022-03-09 19:23:56,071 [ERROR] ConditionMgr:796 - Attr not supported : Dsecure
2022-03-09 19:23:56,071 [ERROR] ConditionMgr:796 - Attr not supported : Dsecure
2022-03-09 19:23:56,071 [ERROR] ConditionMgr:796 - Attr not supported : Dsecure
2022-03-09 19:23:56,071 [ERROR] ConditionMgr:796 - Attr not supported : Dsecure
2022-03-09 19:23:56,071 [ERROR] ConditionMgr:796 - Attr not supported : Dsecure
2022-03-09 19:23:56,071 [ERROR] ConditionMgr:796 - Attr not supported : Dsecure
2022-03-09 19:23:56,071 [ERROR] ConditionMgr:796 - Attr not supported : Dsecure
2022-03-09 19:23:56,071 [ERROR] ConditionMgr:796 - Attr not supported : Dsecure
2022-03-09 19:23:56,071 [ERROR] ConditionMgr:796 - Attr not supported : Dsecure
2022-03-09 19:23:56,071 [ERROR] ConditionMgr:796 - Attr not supported : Dsecure
2022-03-09 19:23:56,071 [ERROR] ConditionMgr:796 - Attr not supported : Dsecure
2022-03-09 19:23:56,071 [ERROR] ConditionMgr:796 - Attr not supported : Dsecure
2022-03-09 19:23:56,071 [ERROR] ConditionMgr:796 - Attr not supported : Dsecure
2022-03-09 19:23:56,071 [ERROR] ConditionMgr:796 - Attr not supported : Dsecure
2022-03-09 19:23:56,071 [ERROR] ConditionMgr:796 - Attr not supported : Dsecure
2022-03-09 19:23:56,087 [ERROR] ConditionMgr:796 - Attr not supported : Dsecure
2022-03-09 19:23:56,087 [ERROR] ConditionMgr:796 - Attr not supported : Dsecure
2022-03-09 19:23:56,087 [ERROR] ConditionMgr:796 - Attr not supported : Dsecure
2022-03-09 19:23:56,087 [ERROR] ConditionMgr:796 - Attr not supported : Dsecure
2022-03-09 19:23:56,087 [ERROR] ConditionMgr:796 - Attr not supported : Dsecure
2022-03-09 19:23:56,087 [ERROR] ConditionMgr:796 - Attr not supported : Dsecure
2022-03-09 19:23:56,087 [ERROR] ConditionMgr:796 - Attr not supported : Dsecure
2022-03-09 19:23:56,087 [ERROR] ConditionMgr:796 - Attr not supported : Dsecure
2022-03-09 19:23:56,087 [ERROR] ConditionMgr:796 - Attr not supported : Dsecure
2022-03-09 19:23:56,087 [ERROR] ConditionMgr:796 - Attr not supported : Dsecure
2022-03-09 19:23:56,087 [ERROR] ConditionMgr:796 - Attr not supported : Dsecure
2022-03-09 19:23:56,087 [ERROR] ConditionMgr:796 - Attr not supported : Dsecure
2022-03-09 19:23:56,087 [ERROR] ConditionMgr:796 - Attr not supported : Dsecure
2022-03-09 19:23:56,087 [ERROR] ConditionMgr:796 - Attr not supported : Dsecure
2022-03-09 19:23:56,087 [ERROR] ConditionMgr:796 - Attr not supported : Dsecure
2022-03-09 19:23:56,087 [ERROR] ConditionMgr:796 - Attr not supported : Dsecure
2022-03-09 19:23:56,087 [ERROR] ConditionMgr:796 - Attr not supported : Dsecure
2022-03-09 19:23:56,087 [ERROR] ConditionMgr:796 - Attr not supported : Dsecure
2022-03-09 19:23:56,087 [ERROR] ConditionMgr:796 - Attr not supported : Dsecure
2022-03-09 19:23:56,087 [ERROR] ConditionMgr:796 - Attr not supported : Dsecure
2022-03-09 19:23:56,087 [ERROR] ConditionMgr:796 - Attr not supported : Dsecure
2022-03-09 19:23:56,087 [ERROR] ConditionMgr:796 - Attr not supported : Dsecure
2022-03-09 19:23:56,087 [ERROR] ConditionMgr:796 - Attr not supported : Dsecure
2022-03-09 19:23:56,087 [ERROR] ConditionMgr:796 - Attr not supported : Dsecure
2022-03-09 19:23:56,087 [ERROR] ConditionMgr:796 - Attr not supported : Dsecure
2022-03-09 19:23:56,087 [ERROR] ConditionMgr:796 - Attr not supported : Dsecure
2022-03-09 19:23:56,087 [ERROR] ConditionMgr:796 - Attr not supported : Dsecure
2022-03-09 19:23:56,087 [ERROR] ConditionMgr:796 - Attr not supported : Dsecure
2022-03-09 19:23:56,087 [ERROR] ConditionMgr:796 - Attr not supported : Dsecure
2022-03-09 19:23:56,087 [ERROR] ConditionMgr:796 - Attr not supported : Dsecure
2022-03-09 19:23:56,087 [ERROR] ConditionMgr:796 - Attr not supported : Dsecure
2022-03-09 19:23:56,087 [ERROR] ConditionMgr:796 - Attr not supported : Dsecure
2022-03-09 19:23:56,087 [ERROR] ConditionMgr:796 - Attr not supported : Dsecure
2022-03-09 19:23:56,087 [ERROR] ConditionMgr:796 - Attr not supported : Dsecure
2022-03-09 19:23:56,087 [ERROR] ConditionMgr:796 - Attr not supported : Dsecure
2022-03-09 19:23:56,087 [ERROR] ConditionMgr:796 - Attr not supported : Dsecure
2022-03-09 19:23:56,087 [ERROR] ConditionMgr:796 - Attr not supported : Dsecure
2022-03-09 19:23:56,087 [ERROR] ConditionMgr:796 - Attr not supported : Dsecure
2022-03-09 19:23:56,087 [ERROR] ConditionMgr:796 - Attr not supported : Dsecure
2022-03-09 19:23:56,087 [ERROR] ConditionMgr:796 - Attr not supported : Dsecure
2022-03-09 19:23:56,087 [ERROR] ConditionMgr:796 - Attr not supported : Dsecure
2022-03-09 19:23:56,087 [ERROR] ConditionMgr:796 - Attr not supported : Dsecure
2022-03-09 19:23:56,087 [ERROR] ConditionMgr:796 - Attr not supported : Dsecure
2022-03-09 19:23:56,087 [ERROR] ConditionMgr:796 - Attr not supported : Dsecure
2022-03-09 19:23:56,087 [ERROR] ConditionMgr:796 - Attr not supported : Dsecure
2022-03-09 19:23:56,087 [ERROR] ConditionMgr:796 - Attr not supported : Dsecure
2022-03-09 19:23:56,087 [ERROR] ConditionMgr:796 - Attr not supported : Dsecure
2022-03-09 19:23:56,087 [ERROR] ConditionMgr:796 - Attr not supported : Dsecure
2022-03-09 19:23:56,087 [ERROR] ConditionMgr:796 - Attr not supported : Dsecure
2022-03-09 19:23:56,087 [ERROR] ConditionMgr:796 - Attr not supported : Dsecure
2022-03-09 19:23:56,087 [ERROR] ConditionMgr:796 - Attr not supported : Dsecure
2022-03-09 19:23:56,087 [ERROR] ConditionMgr:796 - Attr not supported : Dsecure
2022-03-09 19:23:56,087 [ERROR] ConditionMgr:796 - Attr not supported : Dsecure
2022-03-09 19:23:56,087 [ERROR] ConditionMgr:796 - Attr not supported : Dsecure
2022-03-09 19:23:56,087 [ERROR] ConditionMgr:796 - Attr not supported : Dsecure
2022-03-09 19:23:56,087 [ERROR] ConditionMgr:796 - Attr not supported : Dsecure
2022-03-09 19:23:56,087 [ERROR] ConditionMgr:796 - Attr not supported : Dsecure
2022-03-09 19:23:56,087 [ERROR] ConditionMgr:796 - Attr not supported : Dsecure
2022-03-09 19:23:56,087 [ERROR] ConditionMgr:796 - Attr not supported : Dsecure
2022-03-09 19:23:56,087 [ERROR] ConditionMgr:796 - Attr not supported : Dsecure
2022-03-09 19:23:56,087 [ERROR] ConditionMgr:796 - Attr not supported : Dsecure
2022-03-09 19:23:56,087 [ERROR] ConditionMgr:796 - Attr not supported : Dsecure
2022-03-09 19:23:56,087 [ERROR] ConditionMgr:796 - Attr not supported : Dsecure
2022-03-09 19:23:56,087 [ERROR] ConditionMgr:796 - Attr not supported : Dsecure
2022-03-09 19:23:56,087 [ERROR] ConditionMgr:796 - Attr not supported : Dsecure
2022-03-09 19:23:56,087 [ERROR] ConditionMgr:796 - Attr not supported : Dsecure
2022-03-09 19:23:56,087 [ERROR] ConditionMgr:796 - Attr not supported : Dsecure
2022-03-09 19:23:56,087 [ERROR] ConditionMgr:796 - Attr not supported : Dsecure
2022-03-09 19:23:56,087 [ERROR] ConditionMgr:796 - Attr not supported : Dsecure
2022-03-09 19:23:56,087 [ERROR] ConditionMgr:796 - Attr not supported : Dsecure
2022-03-09 19:23:56,087 [ERROR] ConditionMgr:796 - Attr not supported : Dsecure
2022-03-09 19:23:56,087 [ERROR] ConditionMgr:796 - Attr not supported : Dsecure
2022-03-09 19:23:56,087 [ERROR] ConditionMgr:796 - Attr not supported : Dsecure
2022-03-09 19:23:56,087 [ERROR] ConditionMgr:796 - Attr not supported : Dsecure
2022-03-09 19:23:56,087 [ERROR] ConditionMgr:796 - Attr not supported : Dsecure
2022-03-09 19:23:56,087 [ERROR] ConditionMgr:796 - Attr not supported : Dsecure
2022-03-09 19:23:56,102 [ERROR] ConditionMgr:796 - Attr not supported : Dsecure
2022-03-09 19:23:56,102 [ERROR] ConditionMgr:796 - Attr not supported : Dsecure
2022-03-09 19:23:56,102 [ERROR] ConditionMgr:796 - Attr not supported : Dsecure
2022-03-09 19:23:56,102 [ERROR] ConditionMgr:796 - Attr not supported : Dsecure
2022-03-09 19:23:56,102 [ERROR] ConditionMgr:796 - Attr not supported : Dsecure
2022-03-09 19:23:56,102 [ERROR] ConditionMgr:796 - Attr not supported : Dsecure
2022-03-09 19:23:56,102 [ERROR] ConditionMgr:796 - Attr not supported : Dsecure
2022-03-09 19:23:56,102 [ERROR] ConditionMgr:796 - Attr not supported : Dsecure
2022-03-09 19:23:56,102 [ERROR] ConditionMgr:796 - Attr not supported : Dsecure
2022-03-09 19:23:56,102 [ERROR] ConditionMgr:796 - Attr not supported : Dsecure
2022-03-09 19:23:56,102 [ERROR] ConditionMgr:796 - Attr not supported : Dsecure
2022-03-09 19:23:56,102 [ERROR] ConditionMgr:796 - Attr not supported : Dsecure
2022-03-09 19:23:56,102 [ERROR] ConditionMgr:796 - Attr not supported : Dsecure
2022-03-09 19:23:56,102 [ERROR] ConditionMgr:796 - Attr not supported : Dsecure
2022-03-09 19:23:56,102 [ERROR] ConditionMgr:796 - Attr not supported : Dsecure
2022-03-09 19:23:56,102 [ERROR] ConditionMgr:796 - Attr not supported : Dsecure
2022-03-09 19:23:56,102 [ERROR] ConditionMgr:796 - Attr not supported : Dsecure
2022-03-09 19:23:56,102 [ERROR] ConditionMgr:796 - Attr not supported : Dsecure
2022-03-09 19:23:56,102 [ERROR] ConditionMgr:796 - Attr not supported : Dsecure
2022-03-09 19:23:56,102 [ERROR] ConditionMgr:796 - Attr not supported : Dsecure
2022-03-09 19:23:56,102 [ERROR] ConditionMgr:796 - Attr not supported : Dsecure
2022-03-09 19:23:56,102 [ERROR] ConditionMgr:796 - Attr not supported : Dsecure
2022-03-09 19:23:56,102 [ERROR] ConditionMgr:796 - Attr not supported : Dsecure
2022-03-09 19:23:56,102 [ERROR] ConditionMgr:796 - Attr not supported : Dsecure
2022-03-09 19:23:56,102 [ERROR] ConditionMgr:796 - Attr not supported : Dsecure
2022-03-09 19:23:56,102 [ERROR] ConditionMgr:796 - Attr not supported : Dsecure
2022-03-09 19:23:56,102 [ERROR] ConditionMgr:796 - Attr not supported : Dsecure
2022-03-09 19:23:56,102 [ERROR] ConditionMgr:796 - Attr not supported : Dsecure
2022-03-09 19:23:56,102 [ERROR] ConditionMgr:796 - Attr not supported : Dsecure
2022-03-09 19:23:56,102 [ERROR] ConditionMgr:796 - Attr not supported : Dsecure
2022-03-09 19:23:56,102 [ERROR] ConditionMgr:796 - Attr not supported : Dsecure
2022-03-09 19:23:56,102 [ERROR] ConditionMgr:796 - Attr not supported : Dsecure
2022-03-09 19:23:56,102 [ERROR] ConditionMgr:796 - Attr not supported : Dsecure
2022-03-09 19:23:56,102 [ERROR] ConditionMgr:796 - Attr not supported : Dsecure
2022-03-09 19:23:56,102 [ERROR] ConditionMgr:796 - Attr not supported : Dsecure
2022-03-09 19:23:56,102 [ERROR] ConditionMgr:796 - Attr not supported : Dsecure
2022-03-09 19:23:56,102 [ERROR] ConditionMgr:796 - Attr not supported : Dsecure
2022-03-09 19:23:56,102 [ERROR] ConditionMgr:796 - Attr not supported : Dsecure
2022-03-09 19:23:56,102 [ERROR] ConditionMgr:796 - Attr not supported : Dsecure
2022-03-09 19:23:56,102 [ERROR] ConditionMgr:796 - Attr not supported : Dsecure
2022-03-09 19:23:56,102 [ERROR] ConditionMgr:796 - Attr not supported : Dsecure
2022-03-09 19:23:56,102 [ERROR] ConditionMgr:796 - Attr not supported : Dsecure
2022-03-09 19:23:56,102 [ERROR] ConditionMgr:796 - Attr not supported : Dsecure
2022-03-09 19:23:56,102 [ERROR] ConditionMgr:796 - Attr not supported : Dsecure
2022-03-09 19:23:56,102 [ERROR] ConditionMgr:796 - Attr not supported : Dsecure
2022-03-09 19:23:56,102 [ERROR] ConditionMgr:796 - Attr not supported : Dsecure
2022-03-09 19:23:56,102 [ERROR] ConditionMgr:796 - Attr not supported : Dsecure
2022-03-09 19:23:56,102 [ERROR] ConditionMgr:796 - Attr not supported : Dsecure
2022-03-09 19:23:56,102 [ERROR] ConditionMgr:796 - Attr not supported : Dsecure
2022-03-09 19:23:56,102 [ERROR] ConditionMgr:796 - Attr not supported : Dsecure
2022-03-09 19:23:56,102 [ERROR] ConditionMgr:796 - Attr not supported : Dsecure
2022-03-09 19:23:56,102 [ERROR] ConditionMgr:796 - Attr not supported : Dsecure
2022-03-09 19:23:56,102 [ERROR] ConditionMgr:796 - Attr not supported : Dsecure
2022-03-09 19:23:56,102 [ERROR] ConditionMgr:796 - Attr not supported : Dsecure
2022-03-09 19:23:56,102 [ERROR] ConditionMgr:796 - Attr not supported : Dsecure
2022-03-09 19:23:56,102 [ERROR] ConditionMgr:796 - Attr not supported : Dsecure
2022-03-09 19:23:56,102 [ERROR] ConditionMgr:796 - Attr not supported : Dsecure
2022-03-09 19:23:56,102 [ERROR] ConditionMgr:796 - Attr not supported : Dsecure
2022-03-09 19:23:56,102 [ERROR] ConditionMgr:796 - Attr not supported : Dsecure
2022-03-09 19:23:56,102 [ERROR] ConditionMgr:796 - Attr not supported : Dsecure
2022-03-09 19:23:56,102 [ERROR] ConditionMgr:796 - Attr not supported : Dsecure
2022-03-09 19:23:56,102 [ERROR] ConditionMgr:796 - Attr not supported : Dsecure
2022-03-09 19:23:56,102 [ERROR] ConditionMgr:796 - Attr not supported : Dsecure
2022-03-09 19:23:56,102 [ERROR] ConditionMgr:796 - Attr not supported : Dsecure
2022-03-09 19:23:56,102 [ERROR] ConditionMgr:796 - Attr not supported : Dsecure
2022-03-09 19:23:56,102 [ERROR] ConditionMgr:796 - Attr not supported : Dsecure
2022-03-09 19:23:56,102 [ERROR] ConditionMgr:796 - Attr not supported : Dsecure
2022-03-09 19:23:56,102 [ERROR] ConditionMgr:796 - Attr not supported : Dsecure
2022-03-09 19:23:56,102 [ERROR] ConditionMgr:796 - Attr not supported : Dsecure
2022-03-09 19:23:56,102 [ERROR] ConditionMgr:796 - Attr not supported : Dsecure
2022-03-09 19:23:56,102 [ERROR] ConditionMgr:796 - Attr not supported : Dsecure
2022-03-09 19:23:56,102 [ERROR] ConditionMgr:796 - Attr not supported : Dsecure
2022-03-09 19:23:56,102 [ERROR] ConditionMgr:796 - Attr not supported : Dsecure
2022-03-09 19:23:56,102 [ERROR] ConditionMgr:796 - Attr not supported : Dsecure
2022-03-09 19:23:56,102 [ERROR] ConditionMgr:796 - Attr not supported : Dsecure
2022-03-09 19:23:56,102 [ERROR] ConditionMgr:796 - Attr not supported : Dsecure
2022-03-09 19:23:56,102 [ERROR] ConditionMgr:796 - Attr not supported : Dsecure
2022-03-09 19:23:56,102 [ERROR] ConditionMgr:796 - Attr not supported : Dsecure
2022-03-09 19:23:56,102 [ERROR] ConditionMgr:796 - Attr not supported : Dsecure
2022-03-09 19:23:56,102 [ERROR] ConditionMgr:796 - Attr not supported : Dsecure
2022-03-09 19:23:56,102 [ERROR] ConditionMgr:796 - Attr not supported : Dsecure
2022-03-09 19:23:56,102 [ERROR] ConditionMgr:796 - Attr not supported : Dsecure
2022-03-09 19:23:56,102 [ERROR] ConditionMgr:796 - Attr not supported : Dsecure
2022-03-09 19:23:56,102 [ERROR] ConditionMgr:796 - Attr not supported : Dsecure
2022-03-09 19:23:56,102 [ERROR] ConditionMgr:796 - Attr not supported : Dsecure
2022-03-09 19:23:56,102 [ERROR] ConditionMgr:796 - Attr not supported : Dsecure
2022-03-09 19:23:56,102 [ERROR] ConditionMgr:796 - Attr not supported : Dsecure
2022-03-09 19:23:56,102 [ERROR] ConditionMgr:796 - Attr not supported : Dsecure
2022-03-09 19:23:56,102 [ERROR] ConditionMgr:796 - Attr not supported : Dsecure
2022-03-09 19:23:56,102 [ERROR] ConditionMgr:796 - Attr not supported : Dsecure
2022-03-09 19:23:56,118 [ERROR] ConditionMgr:796 - Attr not supported : Dsecure
2022-03-09 19:23:56,118 [ERROR] ConditionMgr:796 - Attr not supported : Dsecure
2022-03-09 19:23:56,118 [ERROR] ConditionMgr:796 - Attr not supported : Dsecure
2022-03-09 19:23:56,118 [ERROR] ConditionMgr:796 - Attr not supported : Dsecure
2022-03-09 19:23:56,118 [ERROR] ConditionMgr:796 - Attr not supported : Dsecure
2022-03-09 19:23:56,118 [ERROR] ConditionMgr:796 - Attr not supported : Dsecure
2022-03-09 19:23:56,118 [ERROR] ConditionMgr:796 - Attr not supported : Dsecure
2022-03-09 19:23:56,118 [ERROR] ConditionMgr:796 - Attr not supported : Dsecure
2022-03-09 19:23:56,118 [ERROR] ConditionMgr:796 - Attr not supported : Dsecure
2022-03-09 19:23:56,118 [ERROR] ConditionMgr:796 - Attr not supported : Dsecure
2022-03-09 19:23:56,118 [ERROR] ConditionMgr:796 - Attr not supported : Dsecure
2022-03-09 19:23:56,118 [ERROR] ConditionMgr:796 - Attr not supported : Dsecure
2022-03-09 19:23:56,118 [ERROR] ConditionMgr:796 - Attr not supported : Dsecure
2022-03-09 19:23:56,118 [ERROR] ConditionMgr:796 - Attr not supported : Dsecure
2022-03-09 19:23:56,118 [ERROR] ConditionMgr:796 - Attr not supported : Dsecure
2022-03-09 19:23:56,118 [ERROR] ConditionMgr:796 - Attr not supported : Dsecure
2022-03-09 19:23:56,118 [ERROR] ConditionMgr:796 - Attr not supported : Dsecure
2022-03-09 19:23:56,118 [ERROR] ConditionMgr:796 - Attr not supported : Dsecure
2022-03-09 19:23:56,118 [ERROR] ConditionMgr:796 - Attr not supported : Dsecure
2022-03-09 19:23:56,118 [ERROR] ConditionMgr:796 - Attr not supported : Dsecure
2022-03-09 19:23:56,118 [ERROR] ConditionMgr:796 - Attr not supported : Dsecure
2022-03-09 19:23:56,118 [ERROR] ConditionMgr:796 - Attr not supported : Dsecure
2022-03-09 19:23:56,118 [ERROR] ConditionMgr:796 - Attr not supported : Dsecure
2022-03-09 19:23:56,118 [ERROR] ConditionMgr:796 - Attr not supported : Dsecure
2022-03-09 19:23:56,118 [ERROR] ConditionMgr:796 - Attr not supported : Dsecure
2022-03-09 19:23:56,118 [ERROR] ConditionMgr:796 - Attr not supported : Dsecure
2022-03-09 19:23:56,118 [ERROR] ConditionMgr:796 - Attr not supported : Dsecure
2022-03-09 19:23:56,118 [ERROR] ConditionMgr:796 - Attr not supported : Dsecure
2022-03-09 19:23:56,118 [ERROR] ConditionMgr:796 - Attr not supported : Dsecure
2022-03-09 19:23:56,118 [ERROR] ConditionMgr:796 - Attr not supported : Dsecure
2022-03-09 19:23:56,118 [ERROR] ConditionMgr:796 - Attr not supported : Dsecure
2022-03-09 19:23:56,118 [ERROR] ConditionMgr:796 - Attr not supported : Dsecure
2022-03-09 19:23:56,118 [ERROR] ConditionMgr:796 - Attr not supported : Dsecure
2022-03-09 19:23:56,118 [ERROR] ConditionMgr:796 - Attr not supported : Dsecure
2022-03-09 19:23:56,118 [ERROR] ConditionMgr:796 - Attr not supported : Dsecure
2022-03-09 19:23:56,118 [ERROR] ConditionMgr:796 - Attr not supported : Dsecure
2022-03-09 19:23:56,118 [ERROR] ConditionMgr:796 - Attr not supported : Dsecure
2022-03-09 19:23:56,118 [ERROR] ConditionMgr:796 - Attr not supported : Dsecure
2022-03-09 19:23:56,118 [ERROR] ConditionMgr:796 - Attr not supported : Dsecure
2022-03-09 19:23:56,118 [ERROR] ConditionMgr:796 - Attr not supported : Dsecure
2022-03-09 19:23:56,118 [ERROR] ConditionMgr:796 - Attr not supported : Dsecure
2022-03-09 19:23:56,118 [ERROR] ConditionMgr:796 - Attr not supported : Dsecure
2022-03-09 19:23:56,118 [ERROR] ConditionMgr:796 - Attr not supported : Dsecure
2022-03-09 19:23:56,118 [ERROR] ConditionMgr:796 - Attr not supported : Dsecure
2022-03-09 19:23:56,118 [ERROR] ConditionMgr:796 - Attr not supported : Dsecure
2022-03-09 19:23:56,118 [ERROR] ConditionMgr:796 - Attr not supported : Dsecure
2022-03-09 19:23:56,118 [ERROR] ConditionMgr:796 - Attr not supported : Dsecure
2022-03-09 19:23:56,118 [ERROR] ConditionMgr:796 - Attr not supported : Dsecure
2022-03-09 19:23:56,118 [ERROR] ConditionMgr:796 - Attr not supported : Dsecure
2022-03-09 19:23:56,118 [ERROR] ConditionMgr:796 - Attr not supported : Dsecure
2022-03-09 19:23:56,118 [ERROR] ConditionMgr:796 - Attr not supported : Dsecure
2022-03-09 19:23:56,118 [ERROR] ConditionMgr:796 - Attr not supported : Dsecure
2022-03-09 19:23:56,118 [ERROR] ConditionMgr:796 - Attr not supported : Dsecure
2022-03-09 19:23:56,118 [ERROR] ConditionMgr:796 - Attr not supported : Dsecure
2022-03-09 19:23:56,118 [ERROR] ConditionMgr:796 - Attr not supported : Dsecure
2022-03-09 19:23:56,118 [ERROR] ConditionMgr:796 - Attr not supported : Dsecure
2022-03-09 19:23:56,118 [ERROR] ConditionMgr:796 - Attr not supported : Dsecure
2022-03-09 19:23:56,118 [ERROR] ConditionMgr:796 - Attr not supported : Dsecure
2022-03-09 19:23:56,118 [ERROR] ConditionMgr:796 - Attr not supported : Dsecure
2022-03-09 19:23:56,118 [ERROR] ConditionMgr:796 - Attr not supported : Dsecure
2022-03-09 19:23:56,118 [ERROR] ConditionMgr:796 - Attr not supported : Dsecure
2022-03-09 19:23:56,118 [ERROR] ConditionMgr:796 - Attr not supported : Dsecure
2022-03-09 19:23:56,118 [ERROR] ConditionMgr:796 - Attr not supported : Dsecure
2022-03-09 19:23:56,118 [ERROR] ConditionMgr:796 - Attr not supported : Dsecure
2022-03-09 19:23:56,118 [ERROR] ConditionMgr:796 - Attr not supported : Dsecure
2022-03-09 19:23:56,134 [ERROR] ConditionMgr:796 - Attr not supported : Dsecure
2022-03-09 19:23:56,134 [ERROR] ConditionMgr:796 - Attr not supported : Dsecure
2022-03-09 19:23:56,134 [INFO] ThirdPartyDb:299 - Save Third Party DataBase File (C:/Users/youss/.stm32cubemx/plugins/thirdparty/db/thirdparties_db.xml) [forced]
2022-03-09 19:23:56,212 [INFO] ThirdPartyDb:299 - Save Third Party DataBase File (C:/Users/youss/.stm32cubemx/plugins/thirdparty/db/thirdparties_db.xml) [forced]
2022-03-09 19:23:56,352 [INFO] ThirdPartyDb:299 - Save Third Party DataBase File (C:/Users/youss/.stm32cubemx/plugins/thirdparty/db/thirdparties_db.xml) [forced]
2022-03-09 19:23:56,462 [INFO] ThirdPartyDb:299 - Save Third Party DataBase File (C:/Users/youss/.stm32cubemx/plugins/thirdparty/db/thirdparties_db.xml) [forced]
2022-03-09 19:23:56,493 [INFO] PopulateThirdPartyThread:50 - Ending populate Thread
2022-03-09 19:23:56,493 [INFO] ThirdPartyDb:299 - Save Third Party DataBase File (C:/Users/youss/.stm32cubemx/plugins/thirdparty/db/thirdparties_db.xml) [forced]
2022-03-09 19:23:56,618 [INFO] Engine:289 - softwarePackList size : 44
2022-03-09 19:23:56,634 [INFO] Engine:301 - compute dependency for SwPack X-CUBE-AI have been done, and update is requested
2022-03-09 19:23:56,696 [INFO] Engine:301 - compute dependency for SwPack X-CUBE-ALS have been done, and update is requested
2022-03-09 19:23:56,727 [INFO] Engine:301 - compute dependency for SwPack X-CUBE-BLE1 have been done, and update is requested
2022-03-09 19:23:56,759 [INFO] Engine:301 - compute dependency for SwPack X-CUBE-BLE2 have been done, and update is requested
2022-03-09 19:23:56,790 [INFO] Engine:301 - compute dependency for SwPack X-CUBE-DISPLAY have been done, and update is requested
2022-03-09 19:23:56,821 [INFO] Engine:301 - compute dependency for SwPack X-CUBE-EEPRMA1 have been done, and update is requested
2022-03-09 19:23:56,868 [INFO] Engine:301 - compute dependency for SwPack X-CUBE-GNSS1 have been done, and update is requested
2022-03-09 19:23:57,649 [INFO] Engine:301 - compute dependency for SwPack X-CUBE-MEMS1 have been done, and update is requested
2022-03-09 19:23:57,680 [INFO] Engine:301 - compute dependency for SwPack X-CUBE-NFC4 have been done, and update is requested
2022-03-09 19:23:57,712 [INFO] Engine:301 - compute dependency for SwPack X-CUBE-SFXS2LP1 have been done, and update is requested
2022-03-09 19:23:57,759 [INFO] Engine:301 - compute dependency for SwPack X-CUBE-SUBG2 have been done, and update is requested
2022-03-09 19:23:57,774 [INFO] Engine:301 - compute dependency for SwPack X-CUBE-TOF1 have been done, and update is requested
2022-03-09 19:23:57,790 [INFO] Engine:305 - compute dependency for SwPack X-CUBE-TOUCHGFX have been done, no update is requested
2022-03-09 19:23:57,790 [INFO] Engine:301 - compute dependency for SwPack X-CUBE-ALGOBUILD have been done, and update is requested
2022-03-09 19:23:57,821 [INFO] Engine:301 - compute dependency for SwPack X-CUBE-AZRTOS-H7 have been done, and update is requested
2022-03-09 19:23:57,852 [INFO] Engine:301 - compute dependency for SwPack X-CUBE-AZRTOS-F4 have been done, and update is requested
2022-03-09 19:23:57,884 [INFO] Engine:301 - compute dependency for SwPack X-CUBE-AZRTOS-L4 have been done, and update is requested
2022-03-09 19:23:57,899 [INFO] Engine:301 - compute dependency for SwPack I-CUBE-wolfSSL have been done, and update is requested
2022-03-09 19:23:57,930 [INFO] Engine:305 - compute dependency for SwPack I-CUBE-UNISONRTOS have been done, no update is requested
2022-03-09 19:23:58,243 [INFO] Engine:301 - compute dependency for SwPack I-CUBE-embOS have been done, and update is requested
2022-03-09 19:23:58,259 [INFO] Engine:305 - compute dependency for SwPack FreeRTOS have been done, no update is requested
2022-03-09 19:23:58,259 [INFO] Engine:305 - compute dependency for SwPack lwIP have been done, no update is requested
2022-03-09 19:23:58,259 [INFO] Engine:305 - compute dependency for SwPack lwIP have been done, no update is requested
2022-03-09 19:23:58,259 [INFO] Engine:305 - compute dependency for SwPack MBEDTLS have been done, no update is requested
2022-03-09 19:23:58,259 [INFO] Engine:305 - compute dependency for SwPack MBEDTLS have been done, no update is requested
2022-03-09 19:23:58,259 [INFO] Engine:305 - compute dependency for SwPack PDM2PCM have been done, no update is requested
2022-03-09 19:23:58,259 [INFO] Engine:305 - compute dependency for SwPack PDM2PCM have been done, no update is requested
2022-03-09 19:23:58,259 [INFO] Engine:305 - compute dependency for SwPack PDM2PCM have been done, no update is requested
2022-03-09 19:23:58,274 [INFO] Engine:305 - compute dependency for SwPack USB_DEVICE have been done, no update is requested
2022-03-09 19:23:58,274 [INFO] Engine:305 - compute dependency for SwPack USB_DEVICE have been done, no update is requested
2022-03-09 19:23:58,274 [INFO] Engine:305 - compute dependency for SwPack USB_DEVICE have been done, no update is requested
2022-03-09 19:23:58,274 [INFO] Engine:305 - compute dependency for SwPack USB_HOST have been done, no update is requested
2022-03-09 19:23:58,274 [INFO] Engine:305 - compute dependency for SwPack USB_HOST have been done, no update is requested
2022-03-09 19:23:58,274 [INFO] Engine:301 - compute dependency for SwPack X-CUBE-AI have been done, and update is requested
2022-03-09 19:23:58,290 [INFO] Engine:301 - compute dependency for SwPack X-CUBE-DISPLAY have been done, and update is requested
2022-03-09 19:23:58,337 [INFO] Engine:301 - compute dependency for SwPack X-CUBE-EEPRMA1 have been done, and update is requested
2022-03-09 19:23:58,368 [INFO] Engine:301 - compute dependency for SwPack X-CUBE-TOF1 have been done, and update is requested
2022-03-09 19:23:58,383 [INFO] Engine:305 - compute dependency for SwPack X-CUBE-TOUCHGFX have been done, no update is requested
2022-03-09 19:23:58,383 [INFO] Engine:301 - compute dependency for SwPack X-CUBE-ALGOBUILD have been done, and update is requested
2022-03-09 19:23:58,415 [INFO] Engine:301 - compute dependency for SwPack X-CUBE-AZRTOS-F7 have been done, and update is requested
2022-03-09 19:23:58,430 [ERROR] DependencyParser:1297 - StateRcvOpen_Cte Bad Token : )
2022-03-09 19:23:58,430 [ERROR] DependencyParser:1297 - StateRcvOpen_Cte Bad Token : )
2022-03-09 19:23:58,430 [ERROR] DependencyParser:1297 - StateRcvOpen_Cte Bad Token : )
2022-03-09 19:23:58,430 [ERROR] DependencyParser:1297 - StateRcvOpen_Cte Bad Token : )
2022-03-09 19:23:58,430 [ERROR] DependencyParser:1297 - StateRcvOpen_Cte Bad Token : )
2022-03-09 19:23:58,430 [ERROR] DependencyParser:1297 - StateRcvOpen_Cte Bad Token : )
2022-03-09 19:23:58,430 [ERROR] DependencyParser:1297 - StateRcvOpen_Cte Bad Token : )
2022-03-09 19:23:58,430 [ERROR] DependencyParser:1297 - StateRcvOpen_Cte Bad Token : )
2022-03-09 19:23:58,430 [ERROR] DependencyParser:1297 - StateRcvOpen_Cte Bad Token : )
2022-03-09 19:23:58,430 [ERROR] DependencyParser:1297 - StateRcvOpen_Cte Bad Token : )
2022-03-09 19:23:58,430 [ERROR] DependencyParser:1297 - StateRcvOpen_Cte Bad Token : )
2022-03-09 19:23:58,430 [ERROR] DependencyParser:1297 - StateRcvOpen_Cte Bad Token : )
2022-03-09 19:23:58,430 [ERROR] DependencyParser:1297 - StateRcvOpen_Cte Bad Token : )
2022-03-09 19:23:58,446 [ERROR] DependencyParser:1297 - StateRcvOpen_Cte Bad Token : )
2022-03-09 19:23:58,446 [ERROR] DependencyParser:1297 - StateRcvOpen_Cte Bad Token : )
2022-03-09 19:23:58,446 [ERROR] DependencyParser:1297 - StateRcvOpen_Cte Bad Token : )
2022-03-09 19:23:58,446 [ERROR] DependencyParser:1297 - StateRcvOpen_Cte Bad Token : )
2022-03-09 19:23:58,446 [ERROR] DependencyParser:1297 - StateRcvOpen_Cte Bad Token : )
2022-03-09 19:23:58,446 [ERROR] DependencyParser:1297 - StateRcvOpen_Cte Bad Token : )
2022-03-09 19:23:58,446 [ERROR] DependencyParser:1297 - StateRcvOpen_Cte Bad Token : )
2022-03-09 19:23:58,446 [ERROR] DependencyParser:1297 - StateRcvOpen_Cte Bad Token : )
2022-03-09 19:23:58,446 [ERROR] DependencyParser:1297 - StateRcvOpen_Cte Bad Token : )
2022-03-09 19:23:58,446 [ERROR] DependencyParser:1297 - StateRcvOpen_Cte Bad Token : )
2022-03-09 19:23:58,446 [ERROR] DependencyParser:1297 - StateRcvOpen_Cte Bad Token : )
2022-03-09 19:23:58,446 [ERROR] DependencyParser:1297 - StateRcvOpen_Cte Bad Token : )
2022-03-09 19:23:58,446 [ERROR] DependencyParser:1297 - StateRcvOpen_Cte Bad Token : )
2022-03-09 19:23:58,446 [ERROR] DependencyParser:1297 - StateRcvOpen_Cte Bad Token : )
2022-03-09 19:23:58,446 [ERROR] DependencyParser:1297 - StateRcvOpen_Cte Bad Token : )
2022-03-09 19:23:58,446 [ERROR] DependencyParser:1297 - StateRcvOpen_Cte Bad Token : )
2022-03-09 19:23:58,446 [ERROR] DependencyParser:1297 - StateRcvOpen_Cte Bad Token : )
2022-03-09 19:23:58,446 [ERROR] DependencyParser:1297 - StateRcvOpen_Cte Bad Token : )
2022-03-09 19:23:58,446 [ERROR] DependencyParser:1297 - StateRcvOpen_Cte Bad Token : )
2022-03-09 19:23:58,446 [ERROR] DependencyParser:1297 - StateRcvOpen_Cte Bad Token : )
2022-03-09 19:23:58,446 [ERROR] DependencyParser:1297 - StateRcvOpen_Cte Bad Token : )
2022-03-09 19:23:58,446 [ERROR] DependencyParser:1297 - StateRcvOpen_Cte Bad Token : )
2022-03-09 19:23:58,446 [ERROR] DependencyParser:1297 - StateRcvOpen_Cte Bad Token : )
2022-03-09 19:23:58,446 [ERROR] DependencyParser:1297 - StateRcvOpen_Cte Bad Token : )
2022-03-09 19:23:58,446 [ERROR] DependencyParser:1297 - StateRcvOpen_Cte Bad Token : )
2022-03-09 19:23:58,446 [ERROR] DependencyParser:1297 - StateRcvOpen_Cte Bad Token : )
2022-03-09 19:23:58,446 [ERROR] DependencyParser:1297 - StateRcvOpen_Cte Bad Token : )
2022-03-09 19:23:58,446 [ERROR] DependencyParser:1297 - StateRcvOpen_Cte Bad Token : )
2022-03-09 19:23:58,446 [ERROR] DependencyParser:1297 - StateRcvOpen_Cte Bad Token : )
2022-03-09 19:23:58,446 [ERROR] DependencyParser:1297 - StateRcvOpen_Cte Bad Token : )
2022-03-09 19:23:58,446 [ERROR] DependencyParser:1297 - StateRcvOpen_Cte Bad Token : )
2022-03-09 19:23:58,446 [ERROR] DependencyParser:1297 - StateRcvOpen_Cte Bad Token : )
2022-03-09 19:23:58,446 [ERROR] DependencyParser:1297 - StateRcvOpen_Cte Bad Token : )
2022-03-09 19:23:58,446 [INFO] Engine:305 - compute dependency for SwPack X-CUBE-AZRTOS-L5 have been done, no update is requested
2022-03-09 19:23:58,462 [INFO] Engine:301 - compute dependency for SwPack X-CUBE-AZRTOS-G0 have been done, and update is requested
2022-03-09 19:23:58,477 [INFO] Engine:301 - compute dependency for SwPack X-CUBE-AZRTOS-G4 have been done, and update is requested
2022-03-09 19:23:58,508 [INFO] Engine:301 - compute dependency for SwPack X-CUBE-AZRTOS-WL have been done, and update is requested
2022-03-09 19:23:58,540 [INFO] ThirdPartyDb:299 - Save Third Party DataBase File (C:/Users/youss/.stm32cubemx/plugins/thirdparty/db/thirdparties_db.xml) [forced]
2022-03-09 19:23:58,571 [INFO] LoadServerUpdatesThread:309 - End of LoadServerUpdate Thread
2022-03-09 19:23:58,821 [WARN] MainUpdater:1087 - Updater busy. Cannot search thirdparties
2022-03-09 19:23:59,446 [INFO] LoadUrlFilesThread:135 - End of LoadUrlFiles Thread
2022-03-09 19:23:59,587 [INFO] ServerAccessManage:348 - Download File boardsDocs.json._tmp_
2022-03-09 19:23:59,633 [INFO] LoadUrlFilesThread:135 - End of LoadUrlFiles Thread
2022-03-09 19:23:59,743 [INFO] ServerAccessManage:348 - Download File boards.json._tmp_
2022-03-09 19:24:00,055 [INFO] LoadUrlFilesThread:135 - End of LoadUrlFiles Thread
2022-03-09 19:24:00,212 [INFO] RetryExec:97 - I/O exception (org.apache.http.NoHttpResponseException) caught when processing request to {s}->https://download.eclipse.org:443: The target server failed to respond
2022-03-09 19:24:00,243 [INFO] RetryExec:113 - Retrying request to {s}->https://download.eclipse.org:443
2022-03-09 19:24:00,337 [INFO] ServerAccessManage:348 - Download File cube-finder-db.zip
2022-03-09 19:24:01,321 [INFO] RetryExec:97 - I/O exception (org.apache.http.NoHttpResponseException) caught when processing request to {s}->https://archive.eclipse.org:443: The target server failed to respond
2022-03-09 19:24:01,321 [INFO] RetryExec:113 - Retrying request to {s}->https://archive.eclipse.org:443
2022-03-09 19:24:01,830 [WARN] MainUpdater:1087 - Updater busy. Cannot search thirdparties
2022-03-09 19:24:03,002 [INFO] RetryExec:97 - I/O exception (org.apache.http.NoHttpResponseException) caught when processing request to {s}->https://download.eclipse.org:443: The target server failed to respond
2022-03-09 19:24:03,002 [INFO] RetryExec:113 - Retrying request to {s}->https://download.eclipse.org:443
2022-03-09 19:24:04,845 [WARN] MainUpdater:1087 - Updater busy. Cannot search thirdparties
2022-03-09 19:24:07,857 [WARN] MainUpdater:1087 - Updater busy. Cannot search thirdparties
2022-03-09 19:24:10,873 [WARN] MainUpdater:1087 - Updater busy. Cannot search thirdparties
2022-03-09 19:24:12,781 [INFO] FileExtend:225 - Unzip File : cube-finder-db.zip
2022-03-09 19:24:12,781 [INFO] FileExtend:240 - Standard Zip Deflate
2022-03-09 19:24:13,896 [WARN] MainUpdater:1087 - Updater busy. Cannot search thirdparties
2022-03-09 19:24:16,900 [WARN] MainUpdater:1087 - Updater busy. Cannot search thirdparties
2022-03-09 19:24:17,010 [INFO] LoadUrlFilesThread:135 - End of LoadUrlFiles Thread
2022-03-09 19:24:17,768 [INFO] ServerAccessManage:348 - Download File crdb.zip
2022-03-09 19:24:18,236 [INFO] FileExtend:225 - Unzip File : crdb.zip
2022-03-09 19:24:18,236 [INFO] FileExtend:240 - Standard Zip Deflate
2022-03-09 19:24:18,268 [INFO] LoadUrlFilesThread:135 - End of LoadUrlFiles Thread
2022-03-09 19:24:18,611 [INFO] ServerAccessManage:348 - Download File tutoVideoDB.zip
2022-03-09 19:24:18,790 [INFO] FileExtend:225 - Unzip File : tutoVideoDB.zip
2022-03-09 19:24:18,790 [INFO] FileExtend:240 - Standard Zip Deflate
2022-03-09 19:24:18,899 [INFO] LoadUrlFilesThread:135 - End of LoadUrlFiles Thread
2022-03-09 19:24:18,977 [INFO] DbMcusDocs:145 - JSON generation date=Tue Nov 16 18:17:54 EET 2021 (1637079474)
2022-03-09 19:24:18,977 [INFO] DbMcusXml:100 - Load MCU database from C:\ST\STM32CubeIDE_1.4.0\STM32CubeIDE\plugins\com.st.stm32cube.common.mx_6.0.0.202007160824\\db\/mcu/families.xml
2022-03-09 19:24:20,399 [INFO] ThirdPartyDb:299 - Save Third Party DataBase File (C:/Users/youss/.stm32cubemx/plugins/thirdparty/db/thirdparties_db.xml) [forced]
2022-03-09 19:24:20,415 [INFO] ThirdPartyDb:299 - Save Third Party DataBase File (C:/Users/youss/.stm32cubemx/plugins/thirdparty/db/thirdparties_db.xml) [forced]
2022-03-09 19:24:20,462 [INFO] IntegrityCheckThread:76 - exiting critical section [integrity check]
2022-03-09 19:24:20,462 [INFO] IntegrityCheckThread:79 - End integrity checks thread
2022-03-09 19:24:21,992 [INFO] DbMcusJson:92 - JSON generation date=Tue Nov 16 18:17:54 EET 2021 (1637079474)
2022-03-09 19:24:23,955 [INFO] DbMcus:175 - Found 1761 MCUs (1722 are supported by CubeMX, 1911 are visible in CubeMX)
2022-03-09 19:24:23,955 [INFO] ApiDb:192 - User favorites file not found: C:\Users\youss/.stm32cubemx/favorites.mcus.txt
2022-03-09 19:24:23,955 [INFO] DbMcus:187 - Set 0 / 0 favorites MCUs
2022-03-09 19:24:24,487 [INFO] DbMcusDocs:81 - Found 682 MCUs documents
2022-03-09 19:24:24,487 [INFO] ApiDb:226 - Save user favorites file C:\Users\youss/.stm32cubemx/favorites.mcus.txt: 0 item(s)
2022-03-09 19:24:24,487 [INFO] ApiDb:230 - User favorites MCUs=[]
2022-03-09 19:24:24,487 [INFO] DbMcusXml:100 - Load MCU database from C:\ST\STM32CubeIDE_1.4.0\STM32CubeIDE\plugins\com.st.stm32cube.common.mx_6.0.0.202007160824\\db\/mcu/families.xml
2022-03-09 19:24:25,799 [INFO] DbMcusJson:92 - JSON generation date=Tue Nov 16 18:17:54 EET 2021 (1637079474)
2022-03-09 19:24:26,690 [INFO] DbMcus:175 - Found 1761 MCUs (1722 are supported by CubeMX, 1911 are visible in CubeMX)
2022-03-09 19:24:26,690 [INFO] ApiDb:201 - Load user favorites file C:\Users\youss/.stm32cubemx/favorites.mcus.txt: 0 item(s)
2022-03-09 19:24:26,690 [INFO] ApiDb:205 - User favorites MCUs=[]
2022-03-09 19:24:26,690 [INFO] DbMcus:187 - Set 0 / 0 favorites MCUs
2022-03-09 19:24:26,705 [INFO] DbBoardsDocs:145 - JSON generation date=Tue Nov 16 18:17:54 EET 2021 (1637079474)
2022-03-09 19:24:26,799 [INFO] DbBoardsPdsc:94 - Found 23 items
2022-03-09 19:24:26,815 [INFO] DbBoardsPdsc:94 - Found 9 items
2022-03-09 19:24:26,846 [INFO] DbBoardsPdsc:94 - Found 29 items
2022-03-09 19:24:26,862 [INFO] DbBoardsPdsc:94 - Found 1 items
2022-03-09 19:24:26,877 [INFO] DbBoardsPdsc:94 - Found 44 items
2022-03-09 19:24:26,908 [INFO] DbBoardsPdsc:94 - Found 40 items
2022-03-09 19:24:26,924 [INFO] DbBoardsPdsc:94 - Found 2 items
2022-03-09 19:24:26,940 [INFO] DbBoardsPdsc:94 - Found 4 items
2022-03-09 19:24:26,955 [WARN] DbBoardsPdsc:258 - Board STM32H7B3I-DK: unknown feature type=Audio, name=, username=Audio stereo codec with Headphone Amp (CS42L51-CNZ), n=1
2022-03-09 19:24:26,955 [WARN] DbBoardsPdsc:258 - Board STM32H735G-DK: unknown feature type=Audio, name=, username=Audio stereo codec with Headphone Amp (WM8994ECS/R), n=1
2022-03-09 19:24:26,955 [WARN] DbBoardsPdsc:258 - Board STM32H7B3I-EVAL: unknown feature type=Audio, name=, username=Multi-Channel Audio Codec (CS42L51-CNZ), n=1
2022-03-09 19:24:26,955 [WARN] DbBoardsPdsc:258 - Board STM32H7B3I-EVAL: unknown feature type=Meter, name=, username=Power-metering and Temperature-monitoring with sigma-delta modulators, n=1
2022-03-09 19:24:26,955 [WARN] DbBoardsPdsc:258 - Board STM32H7B3I-EVAL: unknown feature type=Motor, name=, username=Motor Control, n=1
2022-03-09 19:24:26,971 [INFO] DbBoardsJson:85 - JSON generation date=Tue Nov 16 18:17:54 EET 2021 (1637079474)
2022-03-09 19:24:26,986 [INFO] DbBoards:117 - Found 166 boards (149 are supported by CubeMX)
2022-03-09 19:24:26,986 [INFO] DbBoardsDocs:145 - JSON generation date=Tue Nov 16 18:17:54 EET 2021 (1637079474)
2022-03-09 19:24:26,986 [INFO] DbBoardsDocs:81 - Found 209 boards documents
2022-03-09 19:24:26,986 [WARN] DbBoards:127 - board B-L475E-IOT01A2 has no document id list !
2022-03-09 19:24:27,002 [WARN] DbBoards:127 - board NUCLEO-H743ZI has no document id list !
2022-03-09 19:24:27,002 [WARN] DbBoards:127 - board P-NUCLEO-WB55-Nucleo has no document id list !
2022-03-09 19:24:27,002 [WARN] DbBoards:127 - board P-NUCLEO-WB55-USBDongle has no document id list !
2022-03-09 19:24:27,002 [WARN] DbBoards:127 - board STEVAL-BFA001V1B has no document id list !
2022-03-09 19:24:27,002 [WARN] DbBoards:127 - board STEVAL-BFA001V2B has no document id list !
2022-03-09 19:24:27,002 [WARN] DbBoards:127 - board STEVAL-IDP005V1 has no document id list !
2022-03-09 19:24:27,002 [WARN] DbBoards:127 - board STEVAL-IDP005V2 has no document id list !
2022-03-09 19:24:27,002 [WARN] DbBoards:127 - board STEVAL-MKSBOX1V1 has no document id list !
2022-03-09 19:24:27,002 [WARN] DbBoards:127 - board STEVAL-STWINKT1 has no document id list !
2022-03-09 19:24:27,002 [WARN] DbBoards:127 - board STEVAL-STWINKT1B has no document id list !
2022-03-09 19:24:27,002 [WARN] DbBoards:127 - board STM32439I-EVAL2 has no document id list !
2022-03-09 19:24:27,002 [WARN] DbBoards:127 - board STM32F401C-DISCO has no document id list !
2022-03-09 19:24:27,002 [WARN] DbBoards:127 - board STM32F769I-DISC1 has no document id list !
2022-03-09 19:24:27,002 [WARN] DbBoards:127 - board STM32G474E-EVAL1 has no document id list !
2022-03-09 19:24:27,002 [WARN] DbBoards:127 - board STM32H743I-EVAL2 has no document id list !
2022-03-09 19:24:27,002 [WARN] DbBoards:127 - board STM32H747I-DISC1 has no document id list !
2022-03-09 19:24:27,002 [WARN] DbBoards:127 - board STM32H753I-EVAL2 has no document id list !
2022-03-09 19:24:27,002 [WARN] DbBoards:127 - board STM32L-DISCOVERY has no document id list !
2022-03-09 19:24:27,221 [ERROR] DbBoards:189 - Image file not found for board B-L462E-CELL1: C:\ST\STM32CubeIDE_1.4.0\STM32CubeIDE\plugins\com.st.stm32cube.common.mx_6.0.0.202007160824\\db\/plugins/mcufinder/images/boards/B-L462E-CELL1_small.jpg
2022-03-09 19:24:27,283 [ERROR] DbBoards:189 - Image file not found for board B-U585I-IOT02A: C:\ST\STM32CubeIDE_1.4.0\STM32CubeIDE\plugins\com.st.stm32cube.common.mx_6.0.0.202007160824\\db\/plugins/mcufinder/images/boards/B-U585I-IOT02A_small.jpg
2022-03-09 19:24:27,408 [ERROR] DbBoards:189 - Image file not found for board NUCLEO-F413ZH: C:\ST\STM32CubeIDE_1.4.0\STM32CubeIDE\plugins\com.st.stm32cube.common.mx_6.0.0.202007160824\\db\/plugins/mcufinder/images/boards/nucleo-f413zh_small.jpg
2022-03-09 19:24:27,596 [ERROR] DbBoards:189 - Image file not found for board NUCLEO-L552ZE-Q: C:\ST\STM32CubeIDE_1.4.0\STM32CubeIDE\plugins\com.st.stm32cube.common.mx_6.0.0.202007160824\\db\/plugins/mcufinder/images/boards/nucleo_l552ze_q_small.jpg
2022-03-09 19:24:27,596 [ERROR] DbBoards:189 - Image file not found for board NUCLEO-U575ZI-Q: C:\ST\STM32CubeIDE_1.4.0\STM32CubeIDE\plugins\com.st.stm32cube.common.mx_6.0.0.202007160824\\db\/plugins/mcufinder/images/boards/nucleo-u575zi-q_small.jpg
2022-03-09 19:24:27,596 [ERROR] DbBoards:189 - Image file not found for board NUCLEO-WB15CC: C:\ST\STM32CubeIDE_1.4.0\STM32CubeIDE\plugins\com.st.stm32cube.common.mx_6.0.0.202007160824\\db\/plugins/mcufinder/images/boards/nucleo-wb15cc_small.jpg
2022-03-09 19:24:27,596 [ERROR] DbBoards:189 - Image file not found for board NUCLEO-WB55RG: C:\ST\STM32CubeIDE_1.4.0\STM32CubeIDE\plugins\com.st.stm32cube.common.mx_6.0.0.202007160824\\db\/plugins/mcufinder/images/boards/nucleo-wb55rg_small.jpg
2022-03-09 19:24:27,596 [ERROR] DbBoards:189 - Image file not found for board NUCLEO-WL55JC: C:\ST\STM32CubeIDE_1.4.0\STM32CubeIDE\plugins\com.st.stm32cube.common.mx_6.0.0.202007160824\\db\/plugins/mcufinder/images/boards/nucleo-wl55jc-small.jpg
2022-03-09 19:24:28,039 [ERROR] DbBoards:189 - Image file not found for board STEVAL-STWINKT1B: C:\ST\STM32CubeIDE_1.4.0\STM32CubeIDE\plugins\com.st.stm32cube.common.mx_6.0.0.202007160824\\db\/plugins/mcufinder/images/boards/steval-stwinkt1b_small.jpg
2022-03-09 19:24:29,010 [ERROR] DbBoards:189 - Image file not found for board STM32G0C1E-EV: C:\ST\STM32CubeIDE_1.4.0\STM32CubeIDE\plugins\com.st.stm32cube.common.mx_6.0.0.202007160824\\db\/plugins/mcufinder/images/boards/stm32g0c1e-eval_small.jpg
2022-03-09 19:24:29,229 [ERROR] DbBoards:189 - Image file not found for board STM32H7B3I-EVAL: C:\ST\STM32CubeIDE_1.4.0\STM32CubeIDE\plugins\com.st.stm32cube.common.mx_6.0.0.202007160824\\db\/plugins/mcufinder/images/boards/stm32h7b3ieval_small.jpg
2022-03-09 19:24:29,573 [ERROR] DbBoards:189 - Image file not found for board STM32U575I-EV: C:\ST\STM32CubeIDE_1.4.0\STM32CubeIDE\plugins\com.st.stm32cube.common.mx_6.0.0.202007160824\\db\/plugins/mcufinder/images/boards/stm32u575i-ev_small.jpg
2022-03-09 19:24:29,620 [ERROR] DbBoards:189 - Image file not found for board STM32WB5MM-DK: C:\ST\STM32CubeIDE_1.4.0\STM32CubeIDE\plugins\com.st.stm32cube.common.mx_6.0.0.202007160824\\db\/plugins/mcufinder/images/boards/STM32WB5MM-DK_small.jpg
2022-03-09 19:24:29,635 [INFO] ApiDb:192 - User favorites file not found: C:\Users\youss/.stm32cubemx/favorites.boards.txt
2022-03-09 19:24:29,635 [INFO] DbBoards:206 - Set 0 / 0 favorites Boards
2022-03-09 19:24:29,635 [INFO] DbBoardsDocs:81 - Found 418 boards documents
2022-03-09 19:24:29,635 [INFO] ApiDb:226 - Save user favorites file C:\Users\youss/.stm32cubemx/favorites.boards.txt: 0 item(s)
2022-03-09 19:24:29,635 [INFO] ApiDb:230 - User favorites Boards=[]
2022-03-09 19:24:29,635 [INFO] DbBoardsPdsc:94 - Found 23 items
2022-03-09 19:24:29,635 [INFO] DbBoardsPdsc:94 - Found 9 items
2022-03-09 19:24:29,635 [INFO] DbBoardsPdsc:94 - Found 29 items
2022-03-09 19:24:29,651 [INFO] DbBoardsPdsc:94 - Found 1 items
2022-03-09 19:24:29,651 [INFO] DbBoardsPdsc:94 - Found 44 items
2022-03-09 19:24:29,651 [INFO] DbBoardsPdsc:94 - Found 40 items
2022-03-09 19:24:29,651 [INFO] DbBoardsPdsc:94 - Found 2 items
2022-03-09 19:24:29,651 [INFO] DbBoardsPdsc:94 - Found 4 items
2022-03-09 19:24:29,666 [WARN] DbBoardsPdsc:258 - Board STM32H7B3I-DK: unknown feature type=Audio, name=, username=Audio stereo codec with Headphone Amp (CS42L51-CNZ), n=1
2022-03-09 19:24:29,666 [WARN] DbBoardsPdsc:258 - Board STM32H735G-DK: unknown feature type=Audio, name=, username=Audio stereo codec with Headphone Amp (WM8994ECS/R), n=1
2022-03-09 19:24:29,666 [WARN] DbBoardsPdsc:258 - Board STM32H7B3I-EVAL: unknown feature type=Audio, name=, username=Multi-Channel Audio Codec (CS42L51-CNZ), n=1
2022-03-09 19:24:29,666 [WARN] DbBoardsPdsc:258 - Board STM32H7B3I-EVAL: unknown feature type=Meter, name=, username=Power-metering and Temperature-monitoring with sigma-delta modulators, n=1
2022-03-09 19:24:29,666 [WARN] DbBoardsPdsc:258 - Board STM32H7B3I-EVAL: unknown feature type=Motor, name=, username=Motor Control, n=1
2022-03-09 19:24:29,760 [INFO] DbBoardsJson:85 - JSON generation date=Tue Nov 16 18:17:54 EET 2021 (1637079474)
2022-03-09 19:24:29,760 [INFO] DbBoards:117 - Found 166 boards (149 are supported by CubeMX)
2022-03-09 19:24:29,776 [WARN] DbBoards:127 - board B-L475E-IOT01A2 has no document id list !
2022-03-09 19:24:29,776 [WARN] DbBoards:127 - board NUCLEO-H743ZI has no document id list !
2022-03-09 19:24:29,776 [WARN] DbBoards:127 - board P-NUCLEO-WB55-Nucleo has no document id list !
2022-03-09 19:24:29,776 [WARN] DbBoards:127 - board P-NUCLEO-WB55-USBDongle has no document id list !
2022-03-09 19:24:29,776 [WARN] DbBoards:127 - board STEVAL-BFA001V1B has no document id list !
2022-03-09 19:24:29,776 [WARN] DbBoards:127 - board STEVAL-BFA001V2B has no document id list !
2022-03-09 19:24:29,776 [WARN] DbBoards:127 - board STEVAL-IDP005V1 has no document id list !
2022-03-09 19:24:29,776 [WARN] DbBoards:127 - board STEVAL-IDP005V2 has no document id list !
2022-03-09 19:24:29,776 [WARN] DbBoards:127 - board STEVAL-MKSBOX1V1 has no document id list !
2022-03-09 19:24:29,776 [WARN] DbBoards:127 - board STEVAL-STWINKT1 has no document id list !
2022-03-09 19:24:29,791 [WARN] DbBoards:127 - board STEVAL-STWINKT1B has no document id list !
2022-03-09 19:24:29,791 [WARN] DbBoards:127 - board STM32439I-EVAL2 has no document id list !
2022-03-09 19:24:29,791 [WARN] DbBoards:127 - board STM32F401C-DISCO has no document id list !
2022-03-09 19:24:29,791 [WARN] DbBoards:127 - board STM32F769I-DISC1 has no document id list !
2022-03-09 19:24:29,791 [WARN] DbBoards:127 - board STM32G474E-EVAL1 has no document id list !
2022-03-09 19:24:29,791 [WARN] DbBoards:127 - board STM32H743I-EVAL2 has no document id list !
2022-03-09 19:24:29,791 [WARN] DbBoards:127 - board STM32H747I-DISC1 has no document id list !
2022-03-09 19:24:29,791 [WARN] DbBoards:127 - board STM32H753I-EVAL2 has no document id list !
2022-03-09 19:24:29,791 [WARN] DbBoards:127 - board STM32L-DISCOVERY has no document id list !
2022-03-09 19:24:29,823 [ERROR] DbBoards:189 - Image file not found for board B-L462E-CELL1: C:\ST\STM32CubeIDE_1.4.0\STM32CubeIDE\plugins\com.st.stm32cube.common.mx_6.0.0.202007160824\\db\/plugins/mcufinder/images/boards/B-L462E-CELL1_small.jpg
2022-03-09 19:24:29,854 [ERROR] DbBoards:189 - Image file not found for board B-U585I-IOT02A: C:\ST\STM32CubeIDE_1.4.0\STM32CubeIDE\plugins\com.st.stm32cube.common.mx_6.0.0.202007160824\\db\/plugins/mcufinder/images/boards/B-U585I-IOT02A_small.jpg
2022-03-09 19:24:29,916 [ERROR] DbBoards:189 - Image file not found for board NUCLEO-F413ZH: C:\ST\STM32CubeIDE_1.4.0\STM32CubeIDE\plugins\com.st.stm32cube.common.mx_6.0.0.202007160824\\db\/plugins/mcufinder/images/boards/nucleo-f413zh_small.jpg
2022-03-09 19:24:30,104 [ERROR] DbBoards:189 - Image file not found for board NUCLEO-L552ZE-Q: C:\ST\STM32CubeIDE_1.4.0\STM32CubeIDE\plugins\com.st.stm32cube.common.mx_6.0.0.202007160824\\db\/plugins/mcufinder/images/boards/nucleo_l552ze_q_small.jpg
2022-03-09 19:24:30,104 [ERROR] DbBoards:189 - Image file not found for board NUCLEO-U575ZI-Q: C:\ST\STM32CubeIDE_1.4.0\STM32CubeIDE\plugins\com.st.stm32cube.common.mx_6.0.0.202007160824\\db\/plugins/mcufinder/images/boards/nucleo-u575zi-q_small.jpg
2022-03-09 19:24:30,104 [ERROR] DbBoards:189 - Image file not found for board NUCLEO-WB15CC: C:\ST\STM32CubeIDE_1.4.0\STM32CubeIDE\plugins\com.st.stm32cube.common.mx_6.0.0.202007160824\\db\/plugins/mcufinder/images/boards/nucleo-wb15cc_small.jpg
2022-03-09 19:24:30,104 [ERROR] DbBoards:189 - Image file not found for board NUCLEO-WB55RG: C:\ST\STM32CubeIDE_1.4.0\STM32CubeIDE\plugins\com.st.stm32cube.common.mx_6.0.0.202007160824\\db\/plugins/mcufinder/images/boards/nucleo-wb55rg_small.jpg
2022-03-09 19:24:30,104 [ERROR] DbBoards:189 - Image file not found for board NUCLEO-WL55JC: C:\ST\STM32CubeIDE_1.4.0\STM32CubeIDE\plugins\com.st.stm32cube.common.mx_6.0.0.202007160824\\db\/plugins/mcufinder/images/boards/nucleo-wl55jc-small.jpg
2022-03-09 19:24:30,213 [ERROR] DbBoards:189 - Image file not found for board STEVAL-STWINKT1B: C:\ST\STM32CubeIDE_1.4.0\STM32CubeIDE\plugins\com.st.stm32cube.common.mx_6.0.0.202007160824\\db\/plugins/mcufinder/images/boards/steval-stwinkt1b_small.jpg
2022-03-09 19:24:30,432 [ERROR] DbBoards:189 - Image file not found for board STM32G0C1E-EV: C:\ST\STM32CubeIDE_1.4.0\STM32CubeIDE\plugins\com.st.stm32cube.common.mx_6.0.0.202007160824\\db\/plugins/mcufinder/images/boards/stm32g0c1e-eval_small.jpg
2022-03-09 19:24:30,510 [ERROR] DbBoards:189 - Image file not found for board STM32H7B3I-EVAL: C:\ST\STM32CubeIDE_1.4.0\STM32CubeIDE\plugins\com.st.stm32cube.common.mx_6.0.0.202007160824\\db\/plugins/mcufinder/images/boards/stm32h7b3ieval_small.jpg
2022-03-09 19:24:30,651 [ERROR] DbBoards:189 - Image file not found for board STM32U575I-EV: C:\ST\STM32CubeIDE_1.4.0\STM32CubeIDE\plugins\com.st.stm32cube.common.mx_6.0.0.202007160824\\db\/plugins/mcufinder/images/boards/stm32u575i-ev_small.jpg
2022-03-09 19:24:30,666 [ERROR] DbBoards:189 - Image file not found for board STM32WB5MM-DK: C:\ST\STM32CubeIDE_1.4.0\STM32CubeIDE\plugins\com.st.stm32cube.common.mx_6.0.0.202007160824\\db\/plugins/mcufinder/images/boards/STM32WB5MM-DK_small.jpg
2022-03-09 19:24:30,666 [INFO] ApiDb:201 - Load user favorites file C:\Users\youss/.stm32cubemx/favorites.boards.txt: 0 item(s)
2022-03-09 19:24:30,666 [INFO] ApiDb:205 - User favorites Boards=[]
2022-03-09 19:24:30,666 [INFO] DbBoards:206 - Set 0 / 0 favorites Boards
2022-03-09 19:24:31,025 [INFO] DbExamplesSqlite:156 - SQLite db open (C:\Users\youss\.stmcufinder\plugins\mcufinder\mcu\cube-finder-db.db)
2022-03-09 19:24:32,071 [INFO] DbExamplesSqlite:447 - Ignored 0 examples not supported by CubeIDE
2022-03-09 19:24:32,071 [INFO] DbExamplesSqlite:448 - Found 6135 examples active
2022-03-09 19:24:32,071 [INFO] DbExamplesSqlite:449 - Found 64 examples obsolete
2022-03-09 19:24:32,071 [INFO] DbExamplesSqlite:450 - Found 0 examples under development
2022-03-09 19:24:32,071 [INFO] DbExamplesSqlite:451 - Found 96 examples not building
2022-03-09 19:24:32,118 [INFO] DbExamplesSqlite:130 - SQLite Data Model version=2.1
2022-03-09 19:24:32,118 [INFO] DbExamplesSqlite:131 - SQLite Configuration version=3.0.28
2022-03-09 19:24:32,118 [INFO] DbExamplesSqlite:132 - SQLite generation date=2022-02-18 (1645170766)
2022-03-09 19:24:32,118 [INFO] DbExamplesSqlite:133 - SQLite FW Pack versions=[STM32Cube_FW_C0_V1.0.0, STM32Cube_FW_F4_V1.27.0, STM32Cube_FW_F7_V1.16.2, STM32Cube_FW_G0_V1.5.0, STM32Cube_FW_G4_V1.5.0, STM32Cube_FW_H7_V1.10.0, STM32Cube_FW_L5_V1.4.0, STM32Cube_FW_U5_V1.1.0, STM32Cube_FW_WB_V1.13.1, STM32Cube_FW_WL_V1.2.0, X-CUBE-ALGOBUILD_V1.3.0, X-CUBE-ALS_V1.0.1, X-CUBE-AZRTOS-F4_V1.0.0, X-CUBE-AZRTOS-F7_V1.0.0, X-CUBE-AZRTOS-G0_V1.0.0, X-CUBE-AZRTOS-G4_V1.0.0, X-CUBE-AZRTOS-H7_V2.0.0, X-CUBE-AZRTOS-L4_V1.0.0, X-CUBE-AZRTOS-L5_V1.0.0, X-CUBE-AZRTOS-WL_V1.0.0, X-CUBE-BLE1_V6.2.1, X-CUBE-BLE2_V3.2.2, X-CUBE-EEPRMA1_V3.1.0, X-CUBE-GNSS1_V5.2.0, X-CUBE-MEMS1_V9.1.0, X-CUBE-NFC4_V2.0.3, X-CUBE-SFXS2LP1_V3.1.0, X-CUBE-SUBG2_V4.2.0]
2022-03-09 19:24:32,118 [INFO] DbExamples:123 - Found 6231 examples
2022-03-09 19:24:32,696 [ERROR] DbExamples:199 - Found 6231 examples with invalid data (board or MCU)
2022-03-09 19:24:32,696 [INFO] DbExamples:215 - Found 72 boards with related examples
2022-03-09 19:24:32,696 [INFO] DbExamples:228 - Found 0 MCUs with related examples
2022-03-09 19:24:32,728 [INFO] ApiDb:192 - User favorites file not found: C:\Users\youss/.stm32cubemx/favorites.examples.txt
2022-03-09 19:24:32,728 [INFO] DbExamples:249 - Set 0 / 0 favorites Examples
2022-03-09 19:24:35,806 [INFO] MainUpdater:2268 - connection check result : 10
2022-03-09 19:24:35,899 [INFO] McuFinderGlobals:40 - Set McuFinder mode to 2 (CubeIDE integrated)
2022-03-09 19:24:36,212 [INFO] CrossSelectorPresenter:1330 - Cross Selector saved comparison directory: C:\Users\youss\.stmcufinder\plugins\mcufinder\mcu\cs_comparisons_mx
2022-03-09 19:24:36,227 [INFO] MultiScanPanel:193 - Auto-refresh data requested => check proxy status ongoing
2022-03-09 19:24:36,227 [INFO] FinderPluginLoader:87 - Searching for filters in installed packs
2022-03-09 19:24:37,118 [INFO] LoadUrlFilesThread:162 - End of LoadServerUrlFiles without Thread
2022-03-09 19:24:37,243 [INFO] DetailPanel:331 - Set advertising image to C:/Users/youss/STM32Cube/Repository/\stm32cubemx-promo_image.jpg
2022-03-09 19:24:37,884 [INFO] McuFilterPanel:245 - Update 0 favorites MCUs
2022-03-09 19:24:38,243 [INFO] McuFinderGlobals:40 - Set McuFinder mode to 2 (CubeIDE integrated)
2022-03-09 19:24:38,274 [INFO] CrossSelectorPresenter:1330 - Cross Selector saved comparison directory: C:\Users\youss\.stmcufinder\plugins\mcufinder\mcu\cs_comparisons_mx
2022-03-09 19:24:38,274 [INFO] MultiScanPanel:193 - Auto-refresh data requested => check proxy status ongoing
2022-03-09 19:24:38,274 [INFO] FinderPluginLoader:87 - Searching for filters in installed packs
2022-03-09 19:24:38,696 [INFO] LoadUrlFilesThread:162 - End of LoadServerUrlFiles without Thread
2022-03-09 19:24:38,696 [INFO] DetailPanel:331 - Set advertising image to C:/Users/youss/STM32Cube/Repository/\stm32cubemx-promo_image.jpg
2022-03-09 19:24:39,321 [INFO] McuFilterPanel:245 - Update 0 favorites MCUs
2022-03-09 19:25:18,426 [INFO] MultiScanPanel:193 - Auto-refresh data requested => check proxy status ongoing
2022-03-09 19:25:18,551 [INFO] LoadUrlFilesThread:162 - End of LoadServerUrlFiles without Thread
2022-03-09 19:25:18,551 [INFO] DetailPanel:331 - Set advertising image to C:/Users/youss/STM32Cube/Repository/\stm32cubemx-promo_image.jpg
2022-03-09 19:25:18,598 [INFO] BoardFilterPanel:214 - Update 0 favorites Boards
2022-03-09 19:25:20,192 [INFO] MultiScanPanel:193 - Auto-refresh data requested => check proxy status ongoing
2022-03-09 19:25:21,538 [INFO] LoadUrlFilesThread:162 - End of LoadServerUrlFiles without Thread
2022-03-09 19:25:21,538 [INFO] DetailPanel:331 - Set advertising image to C:/Users/youss/STM32Cube/Repository/\stm32cubemx-promo_image.jpg
2022-03-09 19:25:23,429 [INFO] ApiDb:226 - Save user favorites file C:\Users\youss/.stm32cubeide/favorites.mcus.txt: 0 item(s)
2022-03-09 19:25:23,429 [INFO] ApiDb:230 - User favorites MCUs=[]
2022-03-09 19:25:23,491 [INFO] ExampleFilterPanel:266 - Update 0 favorites Examples
2022-03-09 19:25:23,507 [INFO] ApiDb:226 - Save user favorites file C:\Users\youss/.stm32cubeide/favorites.boards.txt: 0 item(s)
2022-03-09 19:25:23,507 [INFO] ApiDb:230 - User favorites Boards=[]
2022-03-09 19:25:23,585 [INFO] ApiDb:226 - Save user favorites file C:\Users\youss/.stm32cubeide/favorites.examples.txt: 0 item(s)
2022-03-09 19:25:23,585 [INFO] ApiDb:230 - User favorites Examples=[]
2022-03-09 19:25:24,882 [INFO] DbExamplesSqlite:156 - SQLite db open (C:\Users\youss\.stmcufinder\plugins\mcufinder\mcu\cube-finder-db.db)
2022-03-09 19:25:25,803 [INFO] DbExamplesSqlite:447 - Ignored 24 examples not supported by CubeIDE
2022-03-09 19:25:25,803 [INFO] DbExamplesSqlite:448 - Found 6135 examples active
2022-03-09 19:25:25,803 [INFO] DbExamplesSqlite:449 - Found 64 examples obsolete
2022-03-09 19:25:25,803 [INFO] DbExamplesSqlite:450 - Found 0 examples under development
2022-03-09 19:25:25,803 [INFO] DbExamplesSqlite:451 - Found 96 examples not building
2022-03-09 19:25:25,835 [INFO] DbExamplesSqlite:130 - SQLite Data Model version=2.1
2022-03-09 19:25:25,835 [INFO] DbExamplesSqlite:131 - SQLite Configuration version=3.0.28
2022-03-09 19:25:25,835 [INFO] DbExamplesSqlite:132 - SQLite generation date=2022-02-18 (1645170766)
2022-03-09 19:25:25,835 [INFO] DbExamplesSqlite:133 - SQLite FW Pack versions=[STM32Cube_FW_C0_V1.0.0, STM32Cube_FW_F4_V1.27.0, STM32Cube_FW_F7_V1.16.2, STM32Cube_FW_G0_V1.5.0, STM32Cube_FW_G4_V1.5.0, STM32Cube_FW_H7_V1.10.0, STM32Cube_FW_L5_V1.4.0, STM32Cube_FW_U5_V1.1.0, STM32Cube_FW_WB_V1.13.1, STM32Cube_FW_WL_V1.2.0, X-CUBE-ALGOBUILD_V1.3.0, X-CUBE-ALS_V1.0.1, X-CUBE-AZRTOS-F4_V1.0.0, X-CUBE-AZRTOS-F7_V1.0.0, X-CUBE-AZRTOS-G0_V1.0.0, X-CUBE-AZRTOS-G4_V1.0.0, X-CUBE-AZRTOS-H7_V2.0.0, X-CUBE-AZRTOS-L4_V1.0.0, X-CUBE-AZRTOS-L5_V1.0.0, X-CUBE-AZRTOS-WL_V1.0.0, X-CUBE-BLE1_V6.2.1, X-CUBE-BLE2_V3.2.2, X-CUBE-EEPRMA1_V3.1.0, X-CUBE-GNSS1_V5.2.0, X-CUBE-MEMS1_V9.1.0, X-CUBE-NFC4_V2.0.3, X-CUBE-SFXS2LP1_V3.1.0, X-CUBE-SUBG2_V4.2.0]
2022-03-09 19:25:25,835 [INFO] DbExamples:123 - Found 6207 examples
2022-03-09 19:25:26,256 [ERROR] DbExamples:199 - Found 6207 examples with invalid data (board or MCU)
2022-03-09 19:25:26,256 [INFO] DbExamples:215 - Found 72 boards with related examples
2022-03-09 19:25:26,256 [INFO] DbExamples:228 - Found 0 MCUs with related examples
2022-03-09 19:25:26,272 [INFO] ApiDb:201 - Load user favorites file C:\Users\youss/.stm32cubeide/favorites.examples.txt: 0 item(s)
2022-03-09 19:25:26,272 [INFO] ApiDb:205 - User favorites Examples=[]
2022-03-09 19:25:26,272 [INFO] DbExamples:249 - Set 0 / 0 favorites Examples
2022-03-09 19:25:28,682 [INFO] ApiDb:226 - Save user favorites file C:\Users\youss/.stm32cubeide/favorites.mcus.txt: 0 item(s)
2022-03-09 19:25:28,682 [INFO] ApiDb:230 - User favorites MCUs=[]
2022-03-09 19:25:28,682 [INFO] ApiDb:226 - Save user favorites file C:\Users\youss/.stm32cubeide/favorites.boards.txt: 0 item(s)
2022-03-09 19:25:28,682 [INFO] ApiDb:230 - User favorites Boards=[]
2022-03-09 19:25:28,682 [INFO] ApiDb:226 - Save user favorites file C:\Users\youss/.stm32cubeide/favorites.examples.txt: 0 item(s)
2022-03-09 19:25:28,682 [INFO] ApiDb:230 - User favorites Examples=[]
2022-03-09 19:25:47,495 [INFO] MainUpdater:2268 - connection check result : 10
2022-03-09 19:25:47,651 [INFO] McuFinderGlobals:40 - Set McuFinder mode to 2 (CubeIDE integrated)
2022-03-09 19:25:47,729 [INFO] CrossSelectorPresenter:1330 - Cross Selector saved comparison directory: C:\Users\youss\.stmcufinder\plugins\mcufinder\mcu\cs_comparisons_mx
2022-03-09 19:25:47,729 [INFO] MultiScanPanel:193 - Auto-refresh data requested => check proxy status ongoing
2022-03-09 19:25:47,729 [INFO] FinderPluginLoader:87 - Searching for filters in installed packs
2022-03-09 19:25:47,979 [INFO] LoadUrlFilesThread:162 - End of LoadServerUrlFiles without Thread
2022-03-09 19:25:47,979 [INFO] DetailPanel:331 - Set advertising image to C:/Users/youss/STM32Cube/Repository/\stm32cubemx-promo_image.jpg
2022-03-09 19:25:48,135 [INFO] McuFilterPanel:245 - Update 0 favorites MCUs
2022-03-09 19:26:30,496 [INFO] LogOutputStream:76 - [STDOUT_REDIRECT] withoutVersionV1.8.4
2022-03-09 19:26:30,496 [INFO] LogOutputStream:76 - [STDOUT_REDIRECT] withoutVersionV1.8.3
2022-03-09 19:26:30,512 [INFO] LogOutputStream:76 - [STDOUT_REDIRECT] withoutVersionV1.8.2
2022-03-09 19:26:30,512 [INFO] LogOutputStream:76 - [STDOUT_REDIRECT] withoutVersionV1.8.1
2022-03-09 19:26:30,512 [INFO] LogOutputStream:76 - [STDOUT_REDIRECT] withoutVersionV1.8.0
2022-03-09 19:26:52,344 [INFO] ApiDb:226 - Save user favorites file C:\Users\youss/.stm32cubeide/favorites.mcus.txt: 0 item(s)
2022-03-09 19:26:52,344 [INFO] ApiDb:230 - User favorites MCUs=[]
2022-03-09 21:33:09,040 [INFO] Activator:178 - 


2022-03-09 21:33:09,103 [INFO] Activator:179 - !SESSION log4j initialized
2022-03-09 21:37:17,696 [INFO] RetryExec:97 - I/O exception (org.apache.http.NoHttpResponseException) caught when processing request to {s}->https://download.eclipse.org:443: The target server failed to respond
2022-03-09 21:37:17,722 [INFO] RetryExec:113 - Retrying request to {s}->https://download.eclipse.org:443
2022-03-09 21:37:18,760 [INFO] RetryExec:97 - I/O exception (org.apache.http.NoHttpResponseException) caught when processing request to {s}->https://archive.eclipse.org:443: The target server failed to respond
2022-03-09 21:37:18,762 [INFO] RetryExec:113 - Retrying request to {s}->https://archive.eclipse.org:443
